{"C:\\Assignment\\CICD\\Assignments\\An\\WebAppFitness\\MyfitnessMonitor\\src\\App.tsx": {"path":"C:\\Assignment\\CICD\\Assignments\\An\\WebAppFitness\\MyfitnessMonitor\\src\\App.tsx","statementMap":{"0":{"start":{"line":13,"column":20},"end":{"line":13,"column":37}},"1":{"start":{"line":15,"column":12},"end":{"line":34,"column":1}},"2":{"start":{"line":16,"column":2},"end":{"line":33,"column":24}}},"fnMap":{"0":{"name":"(anonymous_0)","decl":{"start":{"line":15,"column":12},"end":{"line":15,"column":13}},"loc":{"start":{"line":16,"column":2},"end":{"line":33,"column":24}},"line":16}},"branchMap":{},"s":{"0":0,"1":0,"2":0},"f":{"0":0},"b":{}}
,"C:\\Assignment\\CICD\\Assignments\\An\\WebAppFitness\\MyfitnessMonitor\\src\\main.tsx": {"path":"C:\\Assignment\\CICD\\Assignments\\An\\WebAppFitness\\MyfitnessMonitor\\src\\main.tsx","statementMap":{"0":{"start":{"line":5,"column":0},"end":{"line":5,"column":61}}},"fnMap":{},"branchMap":{},"s":{"0":0},"f":{},"b":{}}
,"C:\\Assignment\\CICD\\Assignments\\An\\WebAppFitness\\MyfitnessMonitor\\src\\components\\Activities.tsx": {"path":"C:\\Assignment\\CICD\\Assignments\\An\\WebAppFitness\\MyfitnessMonitor\\src\\components\\Activities.tsx","statementMap":{"0":{"start":{"line":26,"column":19},"end":{"line":382,"column":1}},"1":{"start":{"line":27,"column":38},"end":{"line":27,"column":47}},"2":{"start":{"line":28,"column":19},"end":{"line":28,"column":32}},"3":{"start":{"line":29,"column":38},"end":{"line":29,"column":62}},"4":{"start":{"line":30,"column":32},"end":{"line":30,"column":46}},"5":{"start":{"line":31,"column":42},"end":{"line":31,"column":57}},"6":{"start":{"line":32,"column":48},"end":{"line":32,"column":79}},"7":{"start":{"line":33,"column":34},"end":{"line":41,"column":4}},"8":{"start":{"line":43,"column":2},"end":{"line":49,"column":24}},"9":{"start":{"line":44,"column":4},"end":{"line":47,"column":5}},"10":{"start":{"line":45,"column":6},"end":{"line":45,"column":25}},"11":{"start":{"line":46,"column":6},"end":{"line":46,"column":13}},"12":{"start":{"line":48,"column":4},"end":{"line":48,"column":22}},"13":{"start":{"line":51,"column":26},"end":{"line":70,"column":3}},"14":{"start":{"line":52,"column":4},"end":{"line":69,"column":5}},"15":{"start":{"line":53,"column":23},"end":{"line":57,"column":8}},"16":{"start":{"line":59,"column":6},"end":{"line":64,"column":7}},"17":{"start":{"line":60,"column":21},"end":{"line":60,"column":42}},"18":{"start":{"line":61,"column":8},"end":{"line":61,"column":28}},"19":{"start":{"line":63,"column":8},"end":{"line":63,"column":50}},"20":{"start":{"line":66,"column":6},"end":{"line":66,"column":35}},"21":{"start":{"line":68,"column":6},"end":{"line":68,"column":24}},"22":{"start":{"line":72,"column":23},"end":{"line":106,"column":3}},"23":{"start":{"line":73,"column":4},"end":{"line":73,"column":23}},"24":{"start":{"line":75,"column":20},"end":{"line":79,"column":5}},"25":{"start":{"line":81,"column":4},"end":{"line":105,"column":5}},"26":{"start":{"line":82,"column":18},"end":{"line":84,"column":69}},"27":{"start":{"line":86,"column":23},"end":{"line":93,"column":8}},"28":{"start":{"line":95,"column":6},"end":{"line":102,"column":7}},"29":{"start":{"line":96,"column":8},"end":{"line":96,"column":83}},"30":{"start":{"line":97,"column":8},"end":{"line":97,"column":31}},"31":{"start":{"line":98,"column":8},"end":{"line":98,"column":20}},"32":{"start":{"line":99,"column":8},"end":{"line":99,"column":26}},"33":{"start":{"line":101,"column":8},"end":{"line":101,"column":47}},"34":{"start":{"line":104,"column":6},"end":{"line":104,"column":35}},"35":{"start":{"line":108,"column":23},"end":{"line":128,"column":3}},"36":{"start":{"line":109,"column":4},"end":{"line":109,"column":75}},"37":{"start":{"line":109,"column":68},"end":{"line":109,"column":75}},"38":{"start":{"line":111,"column":4},"end":{"line":127,"column":5}},"39":{"start":{"line":112,"column":23},"end":{"line":117,"column":8}},"40":{"start":{"line":119,"column":6},"end":{"line":124,"column":7}},"41":{"start":{"line":120,"column":8},"end":{"line":120,"column":43}},"42":{"start":{"line":121,"column":8},"end":{"line":121,"column":26}},"43":{"start":{"line":123,"column":8},"end":{"line":123,"column":49}},"44":{"start":{"line":126,"column":6},"end":{"line":126,"column":35}},"45":{"start":{"line":130,"column":20},"end":{"line":141,"column":3}},"46":{"start":{"line":131,"column":4},"end":{"line":139,"column":7}},"47":{"start":{"line":140,"column":4},"end":{"line":140,"column":29}},"48":{"start":{"line":143,"column":25},"end":{"line":155,"column":3}},"49":{"start":{"line":144,"column":4},"end":{"line":144,"column":33}},"50":{"start":{"line":145,"column":4},"end":{"line":153,"column":7}},"51":{"start":{"line":154,"column":4},"end":{"line":154,"column":26}},"52":{"start":{"line":157,"column":27},"end":{"line":160,"column":3}},"53":{"start":{"line":158,"column":4},"end":{"line":158,"column":16}},"54":{"start":{"line":159,"column":4},"end":{"line":159,"column":26}},"55":{"start":{"line":162,"column":23},"end":{"line":166,"column":3}},"56":{"start":{"line":163,"column":4},"end":{"line":163,"column":13}},"57":{"start":{"line":164,"column":4},"end":{"line":164,"column":23}},"58":{"start":{"line":165,"column":4},"end":{"line":165,"column":45}},"59":{"start":{"line":168,"column":2},"end":{"line":381,"column":4}},"60":{"start":{"line":219,"column":14},"end":{"line":259,"column":21}},"61":{"start":{"line":227,"column":73},"end":{"line":227,"column":97}},"62":{"start":{"line":230,"column":73},"end":{"line":230,"column":98}},"63":{"start":{"line":278,"column":44},"end":{"line":278,"column":94}},"64":{"start":{"line":296,"column":44},"end":{"line":296,"column":87}},"65":{"start":{"line":314,"column":33},"end":{"line":314,"column":84}},"66":{"start":{"line":325,"column":33},"end":{"line":325,"column":90}},"67":{"start":{"line":339,"column":35},"end":{"line":339,"column":85}},"68":{"start":{"line":349,"column":35},"end":{"line":349,"column":97}},"69":{"start":{"line":361,"column":35},"end":{"line":361,"column":89}},"70":{"start":{"line":373,"column":69},"end":{"line":373,"column":91}}},"fnMap":{"0":{"name":"(anonymous_0)","decl":{"start":{"line":26,"column":19},"end":{"line":26,"column":20}},"loc":{"start":{"line":26,"column":25},"end":{"line":382,"column":1}},"line":26},"1":{"name":"(anonymous_1)","decl":{"start":{"line":43,"column":12},"end":{"line":43,"column":13}},"loc":{"start":{"line":43,"column":18},"end":{"line":49,"column":3}},"line":43},"2":{"name":"(anonymous_2)","decl":{"start":{"line":51,"column":26},"end":{"line":51,"column":27}},"loc":{"start":{"line":51,"column":38},"end":{"line":70,"column":3}},"line":51},"3":{"name":"(anonymous_3)","decl":{"start":{"line":72,"column":23},"end":{"line":72,"column":24}},"loc":{"start":{"line":72,"column":53},"end":{"line":106,"column":3}},"line":72},"4":{"name":"(anonymous_4)","decl":{"start":{"line":108,"column":23},"end":{"line":108,"column":24}},"loc":{"start":{"line":108,"column":45},"end":{"line":128,"column":3}},"line":108},"5":{"name":"(anonymous_5)","decl":{"start":{"line":130,"column":20},"end":{"line":130,"column":21}},"loc":{"start":{"line":130,"column":26},"end":{"line":141,"column":3}},"line":130},"6":{"name":"(anonymous_6)","decl":{"start":{"line":143,"column":25},"end":{"line":143,"column":26}},"loc":{"start":{"line":143,"column":49},"end":{"line":155,"column":3}},"line":143},"7":{"name":"(anonymous_7)","decl":{"start":{"line":157,"column":27},"end":{"line":157,"column":28}},"loc":{"start":{"line":157,"column":33},"end":{"line":160,"column":3}},"line":157},"8":{"name":"(anonymous_8)","decl":{"start":{"line":162,"column":23},"end":{"line":162,"column":24}},"loc":{"start":{"line":162,"column":29},"end":{"line":166,"column":3}},"line":162},"9":{"name":"(anonymous_9)","decl":{"start":{"line":218,"column":28},"end":{"line":218,"column":29}},"loc":{"start":{"line":219,"column":14},"end":{"line":259,"column":21}},"line":219},"10":{"name":"(anonymous_10)","decl":{"start":{"line":227,"column":67},"end":{"line":227,"column":68}},"loc":{"start":{"line":227,"column":73},"end":{"line":227,"column":97}},"line":227},"11":{"name":"(anonymous_11)","decl":{"start":{"line":230,"column":67},"end":{"line":230,"column":68}},"loc":{"start":{"line":230,"column":73},"end":{"line":230,"column":98}},"line":230},"12":{"name":"(anonymous_12)","decl":{"start":{"line":278,"column":33},"end":{"line":278,"column":34}},"loc":{"start":{"line":278,"column":44},"end":{"line":278,"column":94}},"line":278},"13":{"name":"(anonymous_13)","decl":{"start":{"line":296,"column":33},"end":{"line":296,"column":34}},"loc":{"start":{"line":296,"column":44},"end":{"line":296,"column":87}},"line":296},"14":{"name":"(anonymous_14)","decl":{"start":{"line":314,"column":26},"end":{"line":314,"column":27}},"loc":{"start":{"line":314,"column":33},"end":{"line":314,"column":84}},"line":314},"15":{"name":"(anonymous_15)","decl":{"start":{"line":325,"column":26},"end":{"line":325,"column":27}},"loc":{"start":{"line":325,"column":33},"end":{"line":325,"column":90}},"line":325},"16":{"name":"(anonymous_16)","decl":{"start":{"line":339,"column":28},"end":{"line":339,"column":29}},"loc":{"start":{"line":339,"column":35},"end":{"line":339,"column":85}},"line":339},"17":{"name":"(anonymous_17)","decl":{"start":{"line":349,"column":28},"end":{"line":349,"column":29}},"loc":{"start":{"line":349,"column":35},"end":{"line":349,"column":97}},"line":349},"18":{"name":"(anonymous_18)","decl":{"start":{"line":361,"column":28},"end":{"line":361,"column":29}},"loc":{"start":{"line":361,"column":35},"end":{"line":361,"column":89}},"line":361},"19":{"name":"(anonymous_19)","decl":{"start":{"line":373,"column":63},"end":{"line":373,"column":64}},"loc":{"start":{"line":373,"column":69},"end":{"line":373,"column":91}},"line":373}},"branchMap":{"0":{"loc":{"start":{"line":44,"column":4},"end":{"line":47,"column":5}},"type":"if","locations":[{"start":{"line":44,"column":4},"end":{"line":47,"column":5}},{"start":{},"end":{}}],"line":44},"1":{"loc":{"start":{"line":59,"column":6},"end":{"line":64,"column":7}},"type":"if","locations":[{"start":{"line":59,"column":6},"end":{"line":64,"column":7}},{"start":{"line":62,"column":13},"end":{"line":64,"column":7}}],"line":59},"2":{"loc":{"start":{"line":82,"column":18},"end":{"line":84,"column":69}},"type":"cond-expr","locations":[{"start":{"line":83,"column":10},"end":{"line":83,"column":91}},{"start":{"line":84,"column":10},"end":{"line":84,"column":69}}],"line":82},"3":{"loc":{"start":{"line":87,"column":16},"end":{"line":87,"column":48}},"type":"cond-expr","locations":[{"start":{"line":87,"column":34},"end":{"line":87,"column":39}},{"start":{"line":87,"column":42},"end":{"line":87,"column":48}}],"line":87},"4":{"loc":{"start":{"line":95,"column":6},"end":{"line":102,"column":7}},"type":"if","locations":[{"start":{"line":95,"column":6},"end":{"line":102,"column":7}},{"start":{"line":100,"column":13},"end":{"line":102,"column":7}}],"line":95},"5":{"loc":{"start":{"line":96,"column":22},"end":{"line":96,"column":81}},"type":"cond-expr","locations":[{"start":{"line":96,"column":40},"end":{"line":96,"column":59}},{"start":{"line":96,"column":62},"end":{"line":96,"column":81}}],"line":96},"6":{"loc":{"start":{"line":109,"column":4},"end":{"line":109,"column":75}},"type":"if","locations":[{"start":{"line":109,"column":4},"end":{"line":109,"column":75}},{"start":{},"end":{}}],"line":109},"7":{"loc":{"start":{"line":119,"column":6},"end":{"line":124,"column":7}},"type":"if","locations":[{"start":{"line":119,"column":6},"end":{"line":124,"column":7}},{"start":{"line":122,"column":13},"end":{"line":124,"column":7}}],"line":119},"8":{"loc":{"start":{"line":200,"column":9},"end":{"line":262,"column":9}},"type":"cond-expr","locations":[{"start":{"line":201,"column":10},"end":{"line":203,"column":16}},{"start":{"line":204,"column":12},"end":{"line":262,"column":9}}],"line":200},"9":{"loc":{"start":{"line":204,"column":12},"end":{"line":262,"column":9}},"type":"cond-expr","locations":[{"start":{"line":205,"column":10},"end":{"line":215,"column":17}},{"start":{"line":217,"column":10},"end":{"line":261,"column":16}}],"line":204},"10":{"loc":{"start":{"line":250,"column":24},"end":{"line":252,"column":54}},"type":"cond-expr","locations":[{"start":{"line":251,"column":28},"end":{"line":251,"column":56}},{"start":{"line":252,"column":28},"end":{"line":252,"column":54}}],"line":250},"11":{"loc":{"start":{"line":269,"column":15},"end":{"line":269,"column":69}},"type":"cond-expr","locations":[{"start":{"line":269,"column":33},"end":{"line":269,"column":48}},{"start":{"line":269,"column":51},"end":{"line":269,"column":69}}],"line":269},"12":{"loc":{"start":{"line":371,"column":17},"end":{"line":371,"column":72}},"type":"cond-expr","locations":[{"start":{"line":371,"column":35},"end":{"line":371,"column":52}},{"start":{"line":371,"column":55},"end":{"line":371,"column":72}}],"line":371}},"s":{"0":0,"1":0,"2":0,"3":0,"4":0,"5":0,"6":0,"7":0,"8":0,"9":0,"10":0,"11":0,"12":0,"13":0,"14":0,"15":0,"16":0,"17":0,"18":0,"19":0,"20":0,"21":0,"22":0,"23":0,"24":0,"25":0,"26":0,"27":0,"28":0,"29":0,"30":0,"31":0,"32":0,"33":0,"34":0,"35":0,"36":0,"37":0,"38":0,"39":0,"40":0,"41":0,"42":0,"43":0,"44":0,"45":0,"46":0,"47":0,"48":0,"49":0,"50":0,"51":0,"52":0,"53":0,"54":0,"55":0,"56":0,"57":0,"58":0,"59":0,"60":0,"61":0,"62":0,"63":0,"64":0,"65":0,"66":0,"67":0,"68":0,"69":0,"70":0},"f":{"0":0,"1":0,"2":0,"3":0,"4":0,"5":0,"6":0,"7":0,"8":0,"9":0,"10":0,"11":0,"12":0,"13":0,"14":0,"15":0,"16":0,"17":0,"18":0,"19":0},"b":{"0":[0,0],"1":[0,0],"2":[0,0],"3":[0,0],"4":[0,0],"5":[0,0],"6":[0,0],"7":[0,0],"8":[0,0],"9":[0,0],"10":[0,0],"11":[0,0],"12":[0,0]}}
,"C:\\Assignment\\CICD\\Assignments\\An\\WebAppFitness\\MyfitnessMonitor\\src\\components\\Login.tsx": {"path":"C:\\Assignment\\CICD\\Assignments\\An\\WebAppFitness\\MyfitnessMonitor\\src\\components\\Login.tsx","statementMap":{"0":{"start":{"line":11,"column":14},"end":{"line":115,"column":1}},"1":{"start":{"line":12,"column":19},"end":{"line":12,"column":32}},"2":{"start":{"line":13,"column":20},"end":{"line":13,"column":29}},"3":{"start":{"line":14,"column":34},"end":{"line":17,"column":4}},"4":{"start":{"line":18,"column":32},"end":{"line":18,"column":47}},"5":{"start":{"line":20,"column":23},"end":{"line":47,"column":3}},"6":{"start":{"line":21,"column":4},"end":{"line":21,"column":23}},"7":{"start":{"line":22,"column":4},"end":{"line":22,"column":21}},"8":{"start":{"line":24,"column":4},"end":{"line":46,"column":5}},"9":{"start":{"line":25,"column":23},"end":{"line":31,"column":8}},"10":{"start":{"line":33,"column":19},"end":{"line":33,"column":40}},"11":{"start":{"line":35,"column":6},"end":{"line":41,"column":7}},"12":{"start":{"line":36,"column":8},"end":{"line":36,"column":46}},"13":{"start":{"line":37,"column":8},"end":{"line":37,"column":43}},"14":{"start":{"line":38,"column":8},"end":{"line":38,"column":31}},"15":{"start":{"line":40,"column":8},"end":{"line":40,"column":62}},"16":{"start":{"line":43,"column":6},"end":{"line":43,"column":54}},"17":{"start":{"line":45,"column":6},"end":{"line":45,"column":24}},"18":{"start":{"line":49,"column":2},"end":{"line":114,"column":4}},"19":{"start":{"line":74,"column":35},"end":{"line":74,"column":89}},"20":{"start":{"line":89,"column":35},"end":{"line":89,"column":89}}},"fnMap":{"0":{"name":"(anonymous_0)","decl":{"start":{"line":11,"column":14},"end":{"line":11,"column":15}},"loc":{"start":{"line":11,"column":20},"end":{"line":115,"column":1}},"line":11},"1":{"name":"(anonymous_1)","decl":{"start":{"line":20,"column":23},"end":{"line":20,"column":24}},"loc":{"start":{"line":20,"column":53},"end":{"line":47,"column":3}},"line":20},"2":{"name":"(anonymous_2)","decl":{"start":{"line":74,"column":28},"end":{"line":74,"column":29}},"loc":{"start":{"line":74,"column":35},"end":{"line":74,"column":89}},"line":74},"3":{"name":"(anonymous_3)","decl":{"start":{"line":89,"column":28},"end":{"line":89,"column":29}},"loc":{"start":{"line":89,"column":35},"end":{"line":89,"column":89}},"line":89}},"branchMap":{"0":{"loc":{"start":{"line":35,"column":6},"end":{"line":41,"column":7}},"type":"if","locations":[{"start":{"line":35,"column":6},"end":{"line":41,"column":7}},{"start":{"line":39,"column":13},"end":{"line":41,"column":7}}],"line":35},"1":{"loc":{"start":{"line":100,"column":15},"end":{"line":100,"column":52}},"type":"cond-expr","locations":[{"start":{"line":100,"column":25},"end":{"line":100,"column":40}},{"start":{"line":100,"column":43},"end":{"line":100,"column":52}}],"line":100}},"s":{"0":0,"1":0,"2":0,"3":0,"4":0,"5":0,"6":0,"7":0,"8":0,"9":0,"10":0,"11":0,"12":0,"13":0,"14":0,"15":0,"16":0,"17":0,"18":0,"19":0,"20":0},"f":{"0":0,"1":0,"2":0,"3":0},"b":{"0":[0,0],"1":[0,0]}}
,"C:\\Assignment\\CICD\\Assignments\\An\\WebAppFitness\\MyfitnessMonitor\\src\\components\\Register.tsx": {"path":"C:\\Assignment\\CICD\\Assignments\\An\\WebAppFitness\\MyfitnessMonitor\\src\\components\\Register.tsx","statementMap":{"0":{"start":{"line":10,"column":17},"end":{"line":128,"column":1}},"1":{"start":{"line":11,"column":19},"end":{"line":11,"column":32}},"2":{"start":{"line":12,"column":34},"end":{"line":16,"column":4}},"3":{"start":{"line":17,"column":32},"end":{"line":17,"column":47}},"4":{"start":{"line":19,"column":23},"end":{"line":45,"column":3}},"5":{"start":{"line":20,"column":4},"end":{"line":20,"column":23}},"6":{"start":{"line":21,"column":4},"end":{"line":21,"column":21}},"7":{"start":{"line":23,"column":4},"end":{"line":44,"column":5}},"8":{"start":{"line":24,"column":23},"end":{"line":30,"column":8}},"9":{"start":{"line":32,"column":19},"end":{"line":32,"column":40}},"10":{"start":{"line":34,"column":6},"end":{"line":39,"column":7}},"11":{"start":{"line":35,"column":8},"end":{"line":35,"column":64}},"12":{"start":{"line":36,"column":8},"end":{"line":36,"column":27}},"13":{"start":{"line":38,"column":8},"end":{"line":38,"column":78}},"14":{"start":{"line":41,"column":6},"end":{"line":41,"column":54}},"15":{"start":{"line":43,"column":6},"end":{"line":43,"column":24}},"16":{"start":{"line":47,"column":2},"end":{"line":127,"column":4}},"17":{"start":{"line":72,"column":35},"end":{"line":72,"column":89}},"18":{"start":{"line":87,"column":35},"end":{"line":87,"column":86}},"19":{"start":{"line":102,"column":35},"end":{"line":102,"column":89}}},"fnMap":{"0":{"name":"(anonymous_0)","decl":{"start":{"line":10,"column":17},"end":{"line":10,"column":18}},"loc":{"start":{"line":10,"column":23},"end":{"line":128,"column":1}},"line":10},"1":{"name":"(anonymous_1)","decl":{"start":{"line":19,"column":23},"end":{"line":19,"column":24}},"loc":{"start":{"line":19,"column":53},"end":{"line":45,"column":3}},"line":19},"2":{"name":"(anonymous_2)","decl":{"start":{"line":72,"column":28},"end":{"line":72,"column":29}},"loc":{"start":{"line":72,"column":35},"end":{"line":72,"column":89}},"line":72},"3":{"name":"(anonymous_3)","decl":{"start":{"line":87,"column":28},"end":{"line":87,"column":29}},"loc":{"start":{"line":87,"column":35},"end":{"line":87,"column":86}},"line":87},"4":{"name":"(anonymous_4)","decl":{"start":{"line":102,"column":28},"end":{"line":102,"column":29}},"loc":{"start":{"line":102,"column":35},"end":{"line":102,"column":89}},"line":102}},"branchMap":{"0":{"loc":{"start":{"line":34,"column":6},"end":{"line":39,"column":7}},"type":"if","locations":[{"start":{"line":34,"column":6},"end":{"line":39,"column":7}},{"start":{"line":37,"column":13},"end":{"line":39,"column":7}}],"line":34},"1":{"loc":{"start":{"line":38,"column":20},"end":{"line":38,"column":76}},"type":"binary-expr","locations":[{"start":{"line":38,"column":20},"end":{"line":38,"column":32}},{"start":{"line":38,"column":36},"end":{"line":38,"column":76}}],"line":38},"2":{"loc":{"start":{"line":113,"column":15},"end":{"line":113,"column":65}},"type":"cond-expr","locations":[{"start":{"line":113,"column":25},"end":{"line":113,"column":46}},{"start":{"line":113,"column":49},"end":{"line":113,"column":65}}],"line":113}},"s":{"0":0,"1":0,"2":0,"3":0,"4":0,"5":0,"6":0,"7":0,"8":0,"9":0,"10":0,"11":0,"12":0,"13":0,"14":0,"15":0,"16":0,"17":0,"18":0,"19":0},"f":{"0":0,"1":0,"2":0,"3":0,"4":0},"b":{"0":[0,0],"1":[0,0],"2":[0,0]}}
,"C:\\Assignment\\CICD\\Assignments\\An\\WebAppFitness\\MyfitnessMonitor\\src\\components\\ui\\accordion.tsx": {"path":"C:\\Assignment\\CICD\\Assignments\\An\\WebAppFitness\\MyfitnessMonitor\\src\\components\\ui\\accordion.tsx","statementMap":{"0":{"start":{"line":7,"column":18},"end":{"line":7,"column":41}},"1":{"start":{"line":9,"column":22},"end":{"line":14,"column":2}},"2":{"start":{"line":13,"column":2},"end":{"line":13,"column":88}},"3":{"start":{"line":15,"column":0},"end":{"line":15,"column":44}},"4":{"start":{"line":17,"column":25},"end":{"line":34,"column":2}},"5":{"start":{"line":21,"column":2},"end":{"line":33,"column":30}},"6":{"start":{"line":35,"column":0},"end":{"line":35,"column":70}},"7":{"start":{"line":37,"column":25},"end":{"line":48,"column":2}},"8":{"start":{"line":41,"column":2},"end":{"line":47,"column":31}},"9":{"start":{"line":50,"column":0},"end":{"line":50,"column":70}}},"fnMap":{"0":{"name":"(anonymous_0)","decl":{"start":{"line":12,"column":2},"end":{"line":12,"column":3}},"loc":{"start":{"line":13,"column":2},"end":{"line":13,"column":88}},"line":13},"1":{"name":"(anonymous_1)","decl":{"start":{"line":20,"column":2},"end":{"line":20,"column":3}},"loc":{"start":{"line":21,"column":2},"end":{"line":33,"column":30}},"line":21},"2":{"name":"(anonymous_2)","decl":{"start":{"line":40,"column":2},"end":{"line":40,"column":3}},"loc":{"start":{"line":41,"column":2},"end":{"line":47,"column":31}},"line":41}},"branchMap":{},"s":{"0":0,"1":0,"2":0,"3":0,"4":0,"5":0,"6":0,"7":0,"8":0,"9":0},"f":{"0":0,"1":0,"2":0},"b":{}}
,"C:\\Assignment\\CICD\\Assignments\\An\\WebAppFitness\\MyfitnessMonitor\\src\\components\\ui\\alert-dialog.tsx": {"path":"C:\\Assignment\\CICD\\Assignments\\An\\WebAppFitness\\MyfitnessMonitor\\src\\components\\ui\\alert-dialog.tsx","statementMap":{"0":{"start":{"line":7,"column":20},"end":{"line":7,"column":45}},"1":{"start":{"line":9,"column":27},"end":{"line":9,"column":55}},"2":{"start":{"line":11,"column":26},"end":{"line":11,"column":53}},"3":{"start":{"line":13,"column":27},"end":{"line":25,"column":2}},"4":{"start":{"line":17,"column":2},"end":{"line":24,"column":4}},"5":{"start":{"line":26,"column":0},"end":{"line":26,"column":74}},"6":{"start":{"line":28,"column":27},"end":{"line":43,"column":2}},"7":{"start":{"line":32,"column":2},"end":{"line":42,"column":22}},"8":{"start":{"line":44,"column":0},"end":{"line":44,"column":74}},"9":{"start":{"line":46,"column":26},"end":{"line":48,"column":1}},"10":{"start":{"line":47,"column":2},"end":{"line":47,"column":98}},"11":{"start":{"line":49,"column":0},"end":{"line":49,"column":52}},"12":{"start":{"line":51,"column":26},"end":{"line":53,"column":1}},"13":{"start":{"line":52,"column":2},"end":{"line":52,"column":111}},"14":{"start":{"line":54,"column":0},"end":{"line":54,"column":52}},"15":{"start":{"line":56,"column":25},"end":{"line":61,"column":2}},"16":{"start":{"line":60,"column":2},"end":{"line":60,"column":104}},"17":{"start":{"line":62,"column":0},"end":{"line":62,"column":70}},"18":{"start":{"line":64,"column":31},"end":{"line":69,"column":2}},"19":{"start":{"line":68,"column":2},"end":{"line":68,"column":118}},"20":{"start":{"line":70,"column":0},"end":{"line":70,"column":82}},"21":{"start":{"line":72,"column":26},"end":{"line":77,"column":2}},"22":{"start":{"line":76,"column":2},"end":{"line":76,"column":98}},"23":{"start":{"line":78,"column":0},"end":{"line":78,"column":72}},"24":{"start":{"line":80,"column":26},"end":{"line":89,"column":2}},"25":{"start":{"line":84,"column":2},"end":{"line":88,"column":4}},"26":{"start":{"line":90,"column":0},"end":{"line":90,"column":72}}},"fnMap":{"0":{"name":"(anonymous_0)","decl":{"start":{"line":16,"column":2},"end":{"line":16,"column":3}},"loc":{"start":{"line":17,"column":2},"end":{"line":24,"column":4}},"line":17},"1":{"name":"(anonymous_1)","decl":{"start":{"line":31,"column":2},"end":{"line":31,"column":3}},"loc":{"start":{"line":32,"column":2},"end":{"line":42,"column":22}},"line":32},"2":{"name":"(anonymous_2)","decl":{"start":{"line":46,"column":26},"end":{"line":46,"column":27}},"loc":{"start":{"line":47,"column":2},"end":{"line":47,"column":98}},"line":47},"3":{"name":"(anonymous_3)","decl":{"start":{"line":51,"column":26},"end":{"line":51,"column":27}},"loc":{"start":{"line":52,"column":2},"end":{"line":52,"column":111}},"line":52},"4":{"name":"(anonymous_4)","decl":{"start":{"line":59,"column":2},"end":{"line":59,"column":3}},"loc":{"start":{"line":60,"column":2},"end":{"line":60,"column":104}},"line":60},"5":{"name":"(anonymous_5)","decl":{"start":{"line":67,"column":2},"end":{"line":67,"column":3}},"loc":{"start":{"line":68,"column":2},"end":{"line":68,"column":118}},"line":68},"6":{"name":"(anonymous_6)","decl":{"start":{"line":75,"column":2},"end":{"line":75,"column":3}},"loc":{"start":{"line":76,"column":2},"end":{"line":76,"column":98}},"line":76},"7":{"name":"(anonymous_7)","decl":{"start":{"line":83,"column":2},"end":{"line":83,"column":3}},"loc":{"start":{"line":84,"column":2},"end":{"line":88,"column":4}},"line":84}},"branchMap":{},"s":{"0":0,"1":0,"2":0,"3":0,"4":0,"5":0,"6":0,"7":0,"8":0,"9":0,"10":0,"11":0,"12":0,"13":0,"14":0,"15":0,"16":0,"17":0,"18":0,"19":0,"20":0,"21":0,"22":0,"23":0,"24":0,"25":0,"26":0},"f":{"0":0,"1":0,"2":0,"3":0,"4":0,"5":0,"6":0,"7":0},"b":{}}
,"C:\\Assignment\\CICD\\Assignments\\An\\WebAppFitness\\MyfitnessMonitor\\src\\components\\ui\\alert.tsx": {"path":"C:\\Assignment\\CICD\\Assignments\\An\\WebAppFitness\\MyfitnessMonitor\\src\\components\\ui\\alert.tsx","statementMap":{"0":{"start":{"line":6,"column":22},"end":{"line":19,"column":1}},"1":{"start":{"line":21,"column":14},"end":{"line":26,"column":2}},"2":{"start":{"line":25,"column":2},"end":{"line":25,"column":97}},"3":{"start":{"line":27,"column":0},"end":{"line":27,"column":28}},"4":{"start":{"line":29,"column":19},"end":{"line":33,"column":1}},"5":{"start":{"line":31,"column":4},"end":{"line":31,"column":105}},"6":{"start":{"line":34,"column":0},"end":{"line":34,"column":38}},"7":{"start":{"line":36,"column":25},"end":{"line":40,"column":1}},"8":{"start":{"line":38,"column":4},"end":{"line":38,"column":91}},"9":{"start":{"line":41,"column":0},"end":{"line":41,"column":50}}},"fnMap":{"0":{"name":"(anonymous_0)","decl":{"start":{"line":24,"column":2},"end":{"line":24,"column":3}},"loc":{"start":{"line":25,"column":2},"end":{"line":25,"column":97}},"line":25},"1":{"name":"(anonymous_1)","decl":{"start":{"line":30,"column":2},"end":{"line":30,"column":3}},"loc":{"start":{"line":31,"column":4},"end":{"line":31,"column":105}},"line":31},"2":{"name":"(anonymous_2)","decl":{"start":{"line":37,"column":2},"end":{"line":37,"column":3}},"loc":{"start":{"line":38,"column":4},"end":{"line":38,"column":91}},"line":38}},"branchMap":{},"s":{"0":0,"1":0,"2":0,"3":0,"4":0,"5":0,"6":0,"7":0,"8":0,"9":0},"f":{"0":0,"1":0,"2":0},"b":{}}
,"C:\\Assignment\\CICD\\Assignments\\An\\WebAppFitness\\MyfitnessMonitor\\src\\components\\ui\\aspect-ratio.tsx": {"path":"C:\\Assignment\\CICD\\Assignments\\An\\WebAppFitness\\MyfitnessMonitor\\src\\components\\ui\\aspect-ratio.tsx","statementMap":{"0":{"start":{"line":3,"column":20},"end":{"line":3,"column":45}}},"fnMap":{},"branchMap":{},"s":{"0":0},"f":{},"b":{}}
,"C:\\Assignment\\CICD\\Assignments\\An\\WebAppFitness\\MyfitnessMonitor\\src\\components\\ui\\avatar.tsx": {"path":"C:\\Assignment\\CICD\\Assignments\\An\\WebAppFitness\\MyfitnessMonitor\\src\\components\\ui\\avatar.tsx","statementMap":{"0":{"start":{"line":6,"column":15},"end":{"line":15,"column":2}},"1":{"start":{"line":10,"column":2},"end":{"line":14,"column":4}},"2":{"start":{"line":16,"column":0},"end":{"line":16,"column":54}},"3":{"start":{"line":18,"column":20},"end":{"line":23,"column":2}},"4":{"start":{"line":22,"column":2},"end":{"line":22,"column":105}},"5":{"start":{"line":24,"column":0},"end":{"line":24,"column":60}},"6":{"start":{"line":26,"column":23},"end":{"line":35,"column":2}},"7":{"start":{"line":30,"column":2},"end":{"line":34,"column":4}},"8":{"start":{"line":36,"column":0},"end":{"line":36,"column":66}}},"fnMap":{"0":{"name":"(anonymous_0)","decl":{"start":{"line":9,"column":2},"end":{"line":9,"column":3}},"loc":{"start":{"line":10,"column":2},"end":{"line":14,"column":4}},"line":10},"1":{"name":"(anonymous_1)","decl":{"start":{"line":21,"column":2},"end":{"line":21,"column":3}},"loc":{"start":{"line":22,"column":2},"end":{"line":22,"column":105}},"line":22},"2":{"name":"(anonymous_2)","decl":{"start":{"line":29,"column":2},"end":{"line":29,"column":3}},"loc":{"start":{"line":30,"column":2},"end":{"line":34,"column":4}},"line":30}},"branchMap":{},"s":{"0":0,"1":0,"2":0,"3":0,"4":0,"5":0,"6":0,"7":0,"8":0},"f":{"0":0,"1":0,"2":0},"b":{}}
,"C:\\Assignment\\CICD\\Assignments\\An\\WebAppFitness\\MyfitnessMonitor\\src\\components\\ui\\badge.tsx": {"path":"C:\\Assignment\\CICD\\Assignments\\An\\WebAppFitness\\MyfitnessMonitor\\src\\components\\ui\\badge.tsx","statementMap":{"0":{"start":{"line":6,"column":22},"end":{"line":21,"column":1}},"1":{"start":{"line":26,"column":2},"end":{"line":26,"column":82}}},"fnMap":{"0":{"name":"Badge","decl":{"start":{"line":25,"column":9},"end":{"line":25,"column":14}},"loc":{"start":{"line":25,"column":61},"end":{"line":27,"column":1}},"line":25}},"branchMap":{},"s":{"0":0,"1":0},"f":{"0":0},"b":{}}
,"C:\\Assignment\\CICD\\Assignments\\An\\WebAppFitness\\MyfitnessMonitor\\src\\components\\ui\\breadcrumb.tsx": {"path":"C:\\Assignment\\CICD\\Assignments\\An\\WebAppFitness\\MyfitnessMonitor\\src\\components\\ui\\breadcrumb.tsx","statementMap":{"0":{"start":{"line":7,"column":19},"end":{"line":12,"column":78}},"1":{"start":{"line":12,"column":25},"end":{"line":12,"column":77}},"2":{"start":{"line":13,"column":0},"end":{"line":13,"column":38}},"3":{"start":{"line":15,"column":23},"end":{"line":26,"column":1}},"4":{"start":{"line":17,"column":4},"end":{"line":24,"column":6}},"5":{"start":{"line":27,"column":0},"end":{"line":27,"column":46}},"6":{"start":{"line":29,"column":23},"end":{"line":33,"column":1}},"7":{"start":{"line":31,"column":4},"end":{"line":31,"column":93}},"8":{"start":{"line":34,"column":0},"end":{"line":34,"column":46}},"9":{"start":{"line":36,"column":23},"end":{"line":45,"column":2}},"10":{"start":{"line":42,"column":15},"end":{"line":42,"column":35}},"11":{"start":{"line":44,"column":2},"end":{"line":44,"column":108}},"12":{"start":{"line":46,"column":0},"end":{"line":46,"column":46}},"13":{"start":{"line":48,"column":23},"end":{"line":59,"column":1}},"14":{"start":{"line":50,"column":4},"end":{"line":57,"column":6}},"15":{"start":{"line":60,"column":0},"end":{"line":60,"column":46}},"16":{"start":{"line":62,"column":28},"end":{"line":66,"column":1}},"17":{"start":{"line":63,"column":2},"end":{"line":65,"column":7}},"18":{"start":{"line":67,"column":0},"end":{"line":67,"column":56}},"19":{"start":{"line":69,"column":27},"end":{"line":79,"column":1}},"20":{"start":{"line":70,"column":2},"end":{"line":78,"column":9}},"21":{"start":{"line":80,"column":0},"end":{"line":80,"column":54}}},"fnMap":{"0":{"name":"(anonymous_0)","decl":{"start":{"line":12,"column":2},"end":{"line":12,"column":3}},"loc":{"start":{"line":12,"column":25},"end":{"line":12,"column":77}},"line":12},"1":{"name":"(anonymous_1)","decl":{"start":{"line":16,"column":2},"end":{"line":16,"column":3}},"loc":{"start":{"line":17,"column":4},"end":{"line":24,"column":6}},"line":17},"2":{"name":"(anonymous_2)","decl":{"start":{"line":30,"column":2},"end":{"line":30,"column":3}},"loc":{"start":{"line":31,"column":4},"end":{"line":31,"column":93}},"line":31},"3":{"name":"(anonymous_3)","decl":{"start":{"line":41,"column":2},"end":{"line":41,"column":3}},"loc":{"start":{"line":41,"column":45},"end":{"line":45,"column":1}},"line":41},"4":{"name":"(anonymous_4)","decl":{"start":{"line":49,"column":2},"end":{"line":49,"column":3}},"loc":{"start":{"line":50,"column":4},"end":{"line":57,"column":6}},"line":50},"5":{"name":"(anonymous_5)","decl":{"start":{"line":62,"column":28},"end":{"line":62,"column":29}},"loc":{"start":{"line":63,"column":2},"end":{"line":65,"column":7}},"line":63},"6":{"name":"(anonymous_6)","decl":{"start":{"line":69,"column":27},"end":{"line":69,"column":28}},"loc":{"start":{"line":70,"column":2},"end":{"line":78,"column":9}},"line":70}},"branchMap":{"0":{"loc":{"start":{"line":42,"column":15},"end":{"line":42,"column":35}},"type":"cond-expr","locations":[{"start":{"line":42,"column":25},"end":{"line":42,"column":29}},{"start":{"line":42,"column":32},"end":{"line":42,"column":35}}],"line":42},"1":{"loc":{"start":{"line":64,"column":5},"end":{"line":64,"column":33}},"type":"binary-expr","locations":[{"start":{"line":64,"column":5},"end":{"line":64,"column":13}},{"start":{"line":64,"column":17},"end":{"line":64,"column":33}}],"line":64}},"s":{"0":0,"1":0,"2":0,"3":0,"4":0,"5":0,"6":0,"7":0,"8":0,"9":0,"10":0,"11":0,"12":0,"13":0,"14":0,"15":0,"16":0,"17":0,"18":0,"19":0,"20":0,"21":0},"f":{"0":0,"1":0,"2":0,"3":0,"4":0,"5":0,"6":0},"b":{"0":[0,0],"1":[0,0]}}
,"C:\\Assignment\\CICD\\Assignments\\An\\WebAppFitness\\MyfitnessMonitor\\src\\components\\ui\\button.tsx": {"path":"C:\\Assignment\\CICD\\Assignments\\An\\WebAppFitness\\MyfitnessMonitor\\src\\components\\ui\\button.tsx","statementMap":{"0":{"start":{"line":7,"column":23},"end":{"line":31,"column":1}},"1":{"start":{"line":39,"column":15},"end":{"line":44,"column":1}},"2":{"start":{"line":41,"column":17},"end":{"line":41,"column":42}},"3":{"start":{"line":42,"column":4},"end":{"line":42,"column":102}},"4":{"start":{"line":45,"column":0},"end":{"line":45,"column":30}}},"fnMap":{"0":{"name":"(anonymous_0)","decl":{"start":{"line":40,"column":2},"end":{"line":40,"column":3}},"loc":{"start":{"line":40,"column":68},"end":{"line":43,"column":3}},"line":40}},"branchMap":{"0":{"loc":{"start":{"line":40,"column":31},"end":{"line":40,"column":46}},"type":"default-arg","locations":[{"start":{"line":40,"column":41},"end":{"line":40,"column":46}}],"line":40},"1":{"loc":{"start":{"line":41,"column":17},"end":{"line":41,"column":42}},"type":"cond-expr","locations":[{"start":{"line":41,"column":27},"end":{"line":41,"column":31}},{"start":{"line":41,"column":34},"end":{"line":41,"column":42}}],"line":41}},"s":{"0":0,"1":0,"2":0,"3":0,"4":0},"f":{"0":0},"b":{"0":[0],"1":[0,0]}}
,"C:\\Assignment\\CICD\\Assignments\\An\\WebAppFitness\\MyfitnessMonitor\\src\\components\\ui\\calendar.tsx": {"path":"C:\\Assignment\\CICD\\Assignments\\An\\WebAppFitness\\MyfitnessMonitor\\src\\components\\ui\\calendar.tsx","statementMap":{"0":{"start":{"line":11,"column":2},"end":{"line":50,"column":4}},"1":{"start":{"line":45,"column":37},"end":{"line":45,"column":72}},"2":{"start":{"line":46,"column":38},"end":{"line":46,"column":74}},"3":{"start":{"line":52,"column":0},"end":{"line":52,"column":34}}},"fnMap":{"0":{"name":"Calendar","decl":{"start":{"line":10,"column":9},"end":{"line":10,"column":17}},"loc":{"start":{"line":10,"column":94},"end":{"line":51,"column":1}},"line":10},"1":{"name":"(anonymous_1)","decl":{"start":{"line":45,"column":18},"end":{"line":45,"column":19}},"loc":{"start":{"line":45,"column":37},"end":{"line":45,"column":72}},"line":45},"2":{"name":"(anonymous_2)","decl":{"start":{"line":46,"column":19},"end":{"line":46,"column":20}},"loc":{"start":{"line":46,"column":38},"end":{"line":46,"column":74}},"line":46}},"branchMap":{"0":{"loc":{"start":{"line":10,"column":43},"end":{"line":10,"column":65}},"type":"default-arg","locations":[{"start":{"line":10,"column":61},"end":{"line":10,"column":65}}],"line":10}},"s":{"0":0,"1":0,"2":0,"3":0},"f":{"0":0,"1":0,"2":0},"b":{"0":[0]}}
,"C:\\Assignment\\CICD\\Assignments\\An\\WebAppFitness\\MyfitnessMonitor\\src\\components\\ui\\card.tsx": {"path":"C:\\Assignment\\CICD\\Assignments\\An\\WebAppFitness\\MyfitnessMonitor\\src\\components\\ui\\card.tsx","statementMap":{"0":{"start":{"line":5,"column":13},"end":{"line":7,"column":2}},"1":{"start":{"line":6,"column":2},"end":{"line":6,"column":116}},"2":{"start":{"line":8,"column":0},"end":{"line":8,"column":26}},"3":{"start":{"line":10,"column":19},"end":{"line":14,"column":1}},"4":{"start":{"line":12,"column":4},"end":{"line":12,"column":91}},"5":{"start":{"line":15,"column":0},"end":{"line":15,"column":38}},"6":{"start":{"line":17,"column":18},"end":{"line":21,"column":1}},"7":{"start":{"line":19,"column":4},"end":{"line":19,"column":111}},"8":{"start":{"line":22,"column":0},"end":{"line":22,"column":36}},"9":{"start":{"line":24,"column":24},"end":{"line":28,"column":1}},"10":{"start":{"line":26,"column":4},"end":{"line":26,"column":89}},"11":{"start":{"line":29,"column":0},"end":{"line":29,"column":48}},"12":{"start":{"line":31,"column":20},"end":{"line":33,"column":1}},"13":{"start":{"line":32,"column":36},"end":{"line":32,"column":102}},"14":{"start":{"line":34,"column":0},"end":{"line":34,"column":40}},"15":{"start":{"line":36,"column":19},"end":{"line":40,"column":1}},"16":{"start":{"line":38,"column":4},"end":{"line":38,"column":88}},"17":{"start":{"line":41,"column":0},"end":{"line":41,"column":38}}},"fnMap":{"0":{"name":"(anonymous_0)","decl":{"start":{"line":5,"column":84},"end":{"line":5,"column":85}},"loc":{"start":{"line":6,"column":2},"end":{"line":6,"column":116}},"line":6},"1":{"name":"(anonymous_1)","decl":{"start":{"line":11,"column":2},"end":{"line":11,"column":3}},"loc":{"start":{"line":12,"column":4},"end":{"line":12,"column":91}},"line":12},"2":{"name":"(anonymous_2)","decl":{"start":{"line":18,"column":2},"end":{"line":18,"column":3}},"loc":{"start":{"line":19,"column":4},"end":{"line":19,"column":111}},"line":19},"3":{"name":"(anonymous_3)","decl":{"start":{"line":25,"column":2},"end":{"line":25,"column":3}},"loc":{"start":{"line":26,"column":4},"end":{"line":26,"column":89}},"line":26},"4":{"name":"(anonymous_4)","decl":{"start":{"line":32,"column":2},"end":{"line":32,"column":3}},"loc":{"start":{"line":32,"column":36},"end":{"line":32,"column":102}},"line":32},"5":{"name":"(anonymous_5)","decl":{"start":{"line":37,"column":2},"end":{"line":37,"column":3}},"loc":{"start":{"line":38,"column":4},"end":{"line":38,"column":88}},"line":38}},"branchMap":{},"s":{"0":0,"1":0,"2":0,"3":0,"4":0,"5":0,"6":0,"7":0,"8":0,"9":0,"10":0,"11":0,"12":0,"13":0,"14":0,"15":0,"16":0,"17":0},"f":{"0":0,"1":0,"2":0,"3":0,"4":0,"5":0},"b":{}}
,"C:\\Assignment\\CICD\\Assignments\\An\\WebAppFitness\\MyfitnessMonitor\\src\\components\\ui\\carousel.tsx": {"path":"C:\\Assignment\\CICD\\Assignments\\An\\WebAppFitness\\MyfitnessMonitor\\src\\components\\ui\\carousel.tsx","statementMap":{"0":{"start":{"line":29,"column":24},"end":{"line":29,"column":78}},"1":{"start":{"line":32,"column":18},"end":{"line":32,"column":51}},"2":{"start":{"line":34,"column":2},"end":{"line":36,"column":3}},"3":{"start":{"line":35,"column":4},"end":{"line":35,"column":70}},"4":{"start":{"line":38,"column":2},"end":{"line":38,"column":17}},"5":{"start":{"line":41,"column":17},"end":{"line":131,"column":1}},"6":{"start":{"line":43,"column":31},"end":{"line":49,"column":5}},"7":{"start":{"line":50,"column":46},"end":{"line":50,"column":67}},"8":{"start":{"line":51,"column":46},"end":{"line":51,"column":67}},"9":{"start":{"line":53,"column":21},"end":{"line":60,"column":10}},"10":{"start":{"line":54,"column":6},"end":{"line":56,"column":7}},"11":{"start":{"line":55,"column":8},"end":{"line":55,"column":15}},"12":{"start":{"line":58,"column":6},"end":{"line":58,"column":44}},"13":{"start":{"line":59,"column":6},"end":{"line":59,"column":44}},"14":{"start":{"line":62,"column":23},"end":{"line":64,"column":13}},"15":{"start":{"line":63,"column":6},"end":{"line":63,"column":24}},"16":{"start":{"line":66,"column":23},"end":{"line":68,"column":13}},"17":{"start":{"line":67,"column":6},"end":{"line":67,"column":24}},"18":{"start":{"line":70,"column":26},"end":{"line":81,"column":5}},"19":{"start":{"line":72,"column":8},"end":{"line":78,"column":9}},"20":{"start":{"line":73,"column":10},"end":{"line":73,"column":33}},"21":{"start":{"line":74,"column":10},"end":{"line":74,"column":23}},"22":{"start":{"line":75,"column":15},"end":{"line":78,"column":9}},"23":{"start":{"line":76,"column":10},"end":{"line":76,"column":33}},"24":{"start":{"line":77,"column":10},"end":{"line":77,"column":23}},"25":{"start":{"line":83,"column":4},"end":{"line":89,"column":22}},"26":{"start":{"line":84,"column":6},"end":{"line":86,"column":7}},"27":{"start":{"line":85,"column":8},"end":{"line":85,"column":15}},"28":{"start":{"line":88,"column":6},"end":{"line":88,"column":18}},"29":{"start":{"line":91,"column":4},"end":{"line":103,"column":24}},"30":{"start":{"line":92,"column":6},"end":{"line":94,"column":7}},"31":{"start":{"line":93,"column":8},"end":{"line":93,"column":15}},"32":{"start":{"line":96,"column":6},"end":{"line":96,"column":20}},"33":{"start":{"line":97,"column":6},"end":{"line":97,"column":33}},"34":{"start":{"line":98,"column":6},"end":{"line":98,"column":33}},"35":{"start":{"line":100,"column":6},"end":{"line":102,"column":8}},"36":{"start":{"line":101,"column":8},"end":{"line":101,"column":37}},"37":{"start":{"line":105,"column":4},"end":{"line":129,"column":6}},"38":{"start":{"line":132,"column":0},"end":{"line":132,"column":34}},"39":{"start":{"line":134,"column":24},"end":{"line":148,"column":1}},"40":{"start":{"line":136,"column":41},"end":{"line":136,"column":54}},"41":{"start":{"line":138,"column":4},"end":{"line":146,"column":6}},"42":{"start":{"line":149,"column":0},"end":{"line":149,"column":48}},"43":{"start":{"line":151,"column":21},"end":{"line":165,"column":1}},"44":{"start":{"line":153,"column":28},"end":{"line":153,"column":41}},"45":{"start":{"line":155,"column":4},"end":{"line":163,"column":6}},"46":{"start":{"line":166,"column":0},"end":{"line":166,"column":42}},"47":{"start":{"line":168,"column":25},"end":{"line":193,"column":1}},"48":{"start":{"line":170,"column":55},"end":{"line":170,"column":68}},"49":{"start":{"line":172,"column":4},"end":{"line":191,"column":6}},"50":{"start":{"line":194,"column":0},"end":{"line":194,"column":50}},"51":{"start":{"line":196,"column":21},"end":{"line":221,"column":1}},"52":{"start":{"line":198,"column":55},"end":{"line":198,"column":68}},"53":{"start":{"line":200,"column":4},"end":{"line":219,"column":6}},"54":{"start":{"line":222,"column":0},"end":{"line":222,"column":42}}},"fnMap":{"0":{"name":"useCarousel","decl":{"start":{"line":31,"column":9},"end":{"line":31,"column":20}},"loc":{"start":{"line":31,"column":23},"end":{"line":39,"column":1}},"line":31},"1":{"name":"(anonymous_1)","decl":{"start":{"line":42,"column":2},"end":{"line":42,"column":3}},"loc":{"start":{"line":42,"column":97},"end":{"line":130,"column":3}},"line":42},"2":{"name":"(anonymous_2)","decl":{"start":{"line":53,"column":39},"end":{"line":53,"column":40}},"loc":{"start":{"line":53,"column":61},"end":{"line":60,"column":5}},"line":53},"3":{"name":"(anonymous_3)","decl":{"start":{"line":62,"column":41},"end":{"line":62,"column":42}},"loc":{"start":{"line":62,"column":47},"end":{"line":64,"column":5}},"line":62},"4":{"name":"(anonymous_4)","decl":{"start":{"line":66,"column":41},"end":{"line":66,"column":42}},"loc":{"start":{"line":66,"column":47},"end":{"line":68,"column":5}},"line":66},"5":{"name":"(anonymous_5)","decl":{"start":{"line":71,"column":6},"end":{"line":71,"column":7}},"loc":{"start":{"line":71,"column":54},"end":{"line":79,"column":7}},"line":71},"6":{"name":"(anonymous_6)","decl":{"start":{"line":83,"column":20},"end":{"line":83,"column":21}},"loc":{"start":{"line":83,"column":26},"end":{"line":89,"column":5}},"line":83},"7":{"name":"(anonymous_7)","decl":{"start":{"line":91,"column":20},"end":{"line":91,"column":21}},"loc":{"start":{"line":91,"column":26},"end":{"line":103,"column":5}},"line":91},"8":{"name":"(anonymous_8)","decl":{"start":{"line":100,"column":13},"end":{"line":100,"column":14}},"loc":{"start":{"line":100,"column":19},"end":{"line":102,"column":7}},"line":100},"9":{"name":"(anonymous_9)","decl":{"start":{"line":135,"column":2},"end":{"line":135,"column":3}},"loc":{"start":{"line":135,"column":36},"end":{"line":147,"column":3}},"line":135},"10":{"name":"(anonymous_10)","decl":{"start":{"line":152,"column":2},"end":{"line":152,"column":3}},"loc":{"start":{"line":152,"column":36},"end":{"line":164,"column":3}},"line":152},"11":{"name":"(anonymous_11)","decl":{"start":{"line":169,"column":2},"end":{"line":169,"column":3}},"loc":{"start":{"line":169,"column":72},"end":{"line":192,"column":3}},"line":169},"12":{"name":"(anonymous_12)","decl":{"start":{"line":197,"column":2},"end":{"line":197,"column":3}},"loc":{"start":{"line":197,"column":72},"end":{"line":220,"column":3}},"line":197}},"branchMap":{"0":{"loc":{"start":{"line":34,"column":2},"end":{"line":36,"column":3}},"type":"if","locations":[{"start":{"line":34,"column":2},"end":{"line":36,"column":3}},{"start":{},"end":{}}],"line":34},"1":{"loc":{"start":{"line":42,"column":5},"end":{"line":42,"column":31}},"type":"default-arg","locations":[{"start":{"line":42,"column":19},"end":{"line":42,"column":31}}],"line":42},"2":{"loc":{"start":{"line":46,"column":14},"end":{"line":46,"column":54}},"type":"cond-expr","locations":[{"start":{"line":46,"column":45},"end":{"line":46,"column":48}},{"start":{"line":46,"column":51},"end":{"line":46,"column":54}}],"line":46},"3":{"loc":{"start":{"line":54,"column":6},"end":{"line":56,"column":7}},"type":"if","locations":[{"start":{"line":54,"column":6},"end":{"line":56,"column":7}},{"start":{},"end":{}}],"line":54},"4":{"loc":{"start":{"line":72,"column":8},"end":{"line":78,"column":9}},"type":"if","locations":[{"start":{"line":72,"column":8},"end":{"line":78,"column":9}},{"start":{"line":75,"column":15},"end":{"line":78,"column":9}}],"line":72},"5":{"loc":{"start":{"line":75,"column":15},"end":{"line":78,"column":9}},"type":"if","locations":[{"start":{"line":75,"column":15},"end":{"line":78,"column":9}},{"start":{},"end":{}}],"line":75},"6":{"loc":{"start":{"line":84,"column":6},"end":{"line":86,"column":7}},"type":"if","locations":[{"start":{"line":84,"column":6},"end":{"line":86,"column":7}},{"start":{},"end":{}}],"line":84},"7":{"loc":{"start":{"line":84,"column":10},"end":{"line":84,"column":25}},"type":"binary-expr","locations":[{"start":{"line":84,"column":10},"end":{"line":84,"column":14}},{"start":{"line":84,"column":18},"end":{"line":84,"column":25}}],"line":84},"8":{"loc":{"start":{"line":92,"column":6},"end":{"line":94,"column":7}},"type":"if","locations":[{"start":{"line":92,"column":6},"end":{"line":94,"column":7}},{"start":{},"end":{}}],"line":92},"9":{"loc":{"start":{"line":111,"column":23},"end":{"line":111,"column":86}},"type":"binary-expr","locations":[{"start":{"line":111,"column":23},"end":{"line":111,"column":34}},{"start":{"line":111,"column":39},"end":{"line":111,"column":85}}],"line":111},"10":{"loc":{"start":{"line":111,"column":39},"end":{"line":111,"column":85}},"type":"cond-expr","locations":[{"start":{"line":111,"column":60},"end":{"line":111,"column":70}},{"start":{"line":111,"column":73},"end":{"line":111,"column":85}}],"line":111},"11":{"loc":{"start":{"line":142,"column":32},"end":{"line":142,"column":89}},"type":"cond-expr","locations":[{"start":{"line":142,"column":63},"end":{"line":142,"column":70}},{"start":{"line":142,"column":73},"end":{"line":142,"column":89}}],"line":142},"12":{"loc":{"start":{"line":160,"column":60},"end":{"line":160,"column":106}},"type":"cond-expr","locations":[{"start":{"line":160,"column":91},"end":{"line":160,"column":97}},{"start":{"line":160,"column":100},"end":{"line":160,"column":106}}],"line":160},"13":{"loc":{"start":{"line":169,"column":16},"end":{"line":169,"column":35}},"type":"default-arg","locations":[{"start":{"line":169,"column":26},"end":{"line":169,"column":35}}],"line":169},"14":{"loc":{"start":{"line":169,"column":37},"end":{"line":169,"column":50}},"type":"default-arg","locations":[{"start":{"line":169,"column":44},"end":{"line":169,"column":50}}],"line":169},"15":{"loc":{"start":{"line":179,"column":10},"end":{"line":181,"column":59}},"type":"cond-expr","locations":[{"start":{"line":180,"column":14},"end":{"line":180,"column":49}},{"start":{"line":181,"column":14},"end":{"line":181,"column":59}}],"line":179},"16":{"loc":{"start":{"line":197,"column":16},"end":{"line":197,"column":35}},"type":"default-arg","locations":[{"start":{"line":197,"column":26},"end":{"line":197,"column":35}}],"line":197},"17":{"loc":{"start":{"line":197,"column":37},"end":{"line":197,"column":50}},"type":"default-arg","locations":[{"start":{"line":197,"column":44},"end":{"line":197,"column":50}}],"line":197},"18":{"loc":{"start":{"line":207,"column":10},"end":{"line":209,"column":62}},"type":"cond-expr","locations":[{"start":{"line":208,"column":14},"end":{"line":208,"column":50}},{"start":{"line":209,"column":14},"end":{"line":209,"column":62}}],"line":207}},"s":{"0":0,"1":0,"2":0,"3":0,"4":0,"5":0,"6":0,"7":0,"8":0,"9":0,"10":0,"11":0,"12":0,"13":0,"14":0,"15":0,"16":0,"17":0,"18":0,"19":0,"20":0,"21":0,"22":0,"23":0,"24":0,"25":0,"26":0,"27":0,"28":0,"29":0,"30":0,"31":0,"32":0,"33":0,"34":0,"35":0,"36":0,"37":0,"38":0,"39":0,"40":0,"41":0,"42":0,"43":0,"44":0,"45":0,"46":0,"47":0,"48":0,"49":0,"50":0,"51":0,"52":0,"53":0,"54":0},"f":{"0":0,"1":0,"2":0,"3":0,"4":0,"5":0,"6":0,"7":0,"8":0,"9":0,"10":0,"11":0,"12":0},"b":{"0":[0,0],"1":[0],"2":[0,0],"3":[0,0],"4":[0,0],"5":[0,0],"6":[0,0],"7":[0,0],"8":[0,0],"9":[0,0],"10":[0,0],"11":[0,0],"12":[0,0],"13":[0],"14":[0],"15":[0,0],"16":[0],"17":[0],"18":[0,0]}}
,"C:\\Assignment\\CICD\\Assignments\\An\\WebAppFitness\\MyfitnessMonitor\\src\\components\\ui\\chart.tsx": {"path":"C:\\Assignment\\CICD\\Assignments\\An\\WebAppFitness\\MyfitnessMonitor\\src\\components\\ui\\chart.tsx","statementMap":{"0":{"start":{"line":7,"column":15},"end":{"line":7,"column":52}},"1":{"start":{"line":20,"column":21},"end":{"line":20,"column":72}},"2":{"start":{"line":23,"column":18},"end":{"line":23,"column":48}},"3":{"start":{"line":25,"column":2},"end":{"line":27,"column":3}},"4":{"start":{"line":26,"column":4},"end":{"line":26,"column":73}},"5":{"start":{"line":29,"column":2},"end":{"line":29,"column":17}},"6":{"start":{"line":32,"column":23},"end":{"line":58,"column":2}},"7":{"start":{"line":39,"column":19},"end":{"line":39,"column":32}},"8":{"start":{"line":40,"column":18},"end":{"line":40,"column":61}},"9":{"start":{"line":42,"column":2},"end":{"line":57,"column":4}},"10":{"start":{"line":59,"column":0},"end":{"line":59,"column":37}},"11":{"start":{"line":61,"column":19},"end":{"line":88,"column":1}},"12":{"start":{"line":62,"column":22},"end":{"line":62,"column":98}},"13":{"start":{"line":62,"column":69},"end":{"line":62,"column":97}},"14":{"start":{"line":64,"column":2},"end":{"line":66,"column":3}},"15":{"start":{"line":65,"column":4},"end":{"line":65,"column":16}},"16":{"start":{"line":68,"column":2},"end":{"line":87,"column":4}},"17":{"start":{"line":73,"column":33},"end":{"line":82,"column":1}},"18":{"start":{"line":77,"column":18},"end":{"line":77,"column":96}},"19":{"start":{"line":78,"column":4},"end":{"line":78,"column":56}},"20":{"start":{"line":90,"column":21},"end":{"line":90,"column":46}},"21":{"start":{"line":92,"column":28},"end":{"line":225,"column":1}},"22":{"start":{"line":121,"column":23},"end":{"line":121,"column":33}},"23":{"start":{"line":123,"column":25},"end":{"line":145,"column":85}},"24":{"start":{"line":124,"column":6},"end":{"line":126,"column":7}},"25":{"start":{"line":125,"column":8},"end":{"line":125,"column":20}},"26":{"start":{"line":128,"column":21},"end":{"line":128,"column":28}},"27":{"start":{"line":129,"column":18},"end":{"line":129,"column":71}},"28":{"start":{"line":130,"column":25},"end":{"line":130,"column":71}},"29":{"start":{"line":132,"column":8},"end":{"line":134,"column":29}},"30":{"start":{"line":136,"column":6},"end":{"line":138,"column":7}},"31":{"start":{"line":137,"column":8},"end":{"line":137,"column":105}},"32":{"start":{"line":140,"column":6},"end":{"line":142,"column":7}},"33":{"start":{"line":141,"column":8},"end":{"line":141,"column":20}},"34":{"start":{"line":144,"column":6},"end":{"line":144,"column":78}},"35":{"start":{"line":147,"column":4},"end":{"line":149,"column":5}},"36":{"start":{"line":148,"column":6},"end":{"line":148,"column":18}},"37":{"start":{"line":151,"column":22},"end":{"line":151,"column":65}},"38":{"start":{"line":153,"column":4},"end":{"line":223,"column":6}},"39":{"start":{"line":164,"column":24},"end":{"line":164,"column":76}},"40":{"start":{"line":165,"column":31},"end":{"line":165,"column":77}},"41":{"start":{"line":166,"column":35},"end":{"line":166,"column":75}},"42":{"start":{"line":168,"column":12},"end":{"line":219,"column":14}},"43":{"start":{"line":226,"column":0},"end":{"line":226,"column":49}},"44":{"start":{"line":228,"column":20},"end":{"line":228,"column":44}},"45":{"start":{"line":230,"column":27},"end":{"line":274,"column":2}},"46":{"start":{"line":238,"column":21},"end":{"line":238,"column":31}},"47":{"start":{"line":240,"column":2},"end":{"line":242,"column":3}},"48":{"start":{"line":241,"column":4},"end":{"line":241,"column":16}},"49":{"start":{"line":244,"column":2},"end":{"line":273,"column":4}},"50":{"start":{"line":250,"column":20},"end":{"line":250,"column":59}},"51":{"start":{"line":251,"column":27},"end":{"line":251,"column":73}},"52":{"start":{"line":253,"column":8},"end":{"line":270,"column":10}},"53":{"start":{"line":275,"column":0},"end":{"line":275,"column":47}},"54":{"start":{"line":279,"column":2},"end":{"line":281,"column":3}},"55":{"start":{"line":280,"column":4},"end":{"line":280,"column":21}},"56":{"start":{"line":284,"column":4},"end":{"line":286,"column":17}},"57":{"start":{"line":288,"column":31},"end":{"line":288,"column":34}},"58":{"start":{"line":290,"column":2},"end":{"line":298,"column":3}},"59":{"start":{"line":291,"column":4},"end":{"line":291,"column":68}},"60":{"start":{"line":292,"column":9},"end":{"line":298,"column":3}},"61":{"start":{"line":297,"column":4},"end":{"line":297,"column":82}},"62":{"start":{"line":300,"column":2},"end":{"line":300,"column":96}}},"fnMap":{"0":{"name":"useChart","decl":{"start":{"line":22,"column":9},"end":{"line":22,"column":17}},"loc":{"start":{"line":22,"column":20},"end":{"line":30,"column":1}},"line":22},"1":{"name":"(anonymous_1)","decl":{"start":{"line":38,"column":2},"end":{"line":38,"column":3}},"loc":{"start":{"line":38,"column":58},"end":{"line":58,"column":1}},"line":38},"2":{"name":"(anonymous_2)","decl":{"start":{"line":61,"column":19},"end":{"line":61,"column":20}},"loc":{"start":{"line":61,"column":76},"end":{"line":88,"column":1}},"line":61},"3":{"name":"(anonymous_3)","decl":{"start":{"line":62,"column":52},"end":{"line":62,"column":53}},"loc":{"start":{"line":62,"column":69},"end":{"line":62,"column":97}},"line":62},"4":{"name":"(anonymous_4)","decl":{"start":{"line":73,"column":12},"end":{"line":73,"column":13}},"loc":{"start":{"line":73,"column":33},"end":{"line":82,"column":1}},"line":73},"5":{"name":"(anonymous_5)","decl":{"start":{"line":76,"column":7},"end":{"line":76,"column":8}},"loc":{"start":{"line":76,"column":30},"end":{"line":79,"column":3}},"line":76},"6":{"name":"(anonymous_6)","decl":{"start":{"line":103,"column":2},"end":{"line":103,"column":3}},"loc":{"start":{"line":120,"column":7},"end":{"line":224,"column":3}},"line":120},"7":{"name":"(anonymous_7)","decl":{"start":{"line":123,"column":39},"end":{"line":123,"column":40}},"loc":{"start":{"line":123,"column":45},"end":{"line":145,"column":5}},"line":123},"8":{"name":"(anonymous_8)","decl":{"start":{"line":163,"column":23},"end":{"line":163,"column":24}},"loc":{"start":{"line":163,"column":40},"end":{"line":220,"column":11}},"line":163},"9":{"name":"(anonymous_9)","decl":{"start":{"line":237,"column":2},"end":{"line":237,"column":3}},"loc":{"start":{"line":237,"column":88},"end":{"line":274,"column":1}},"line":237},"10":{"name":"(anonymous_10)","decl":{"start":{"line":249,"column":19},"end":{"line":249,"column":20}},"loc":{"start":{"line":249,"column":29},"end":{"line":271,"column":7}},"line":249},"11":{"name":"getPayloadConfigFromPayload","decl":{"start":{"line":278,"column":9},"end":{"line":278,"column":36}},"loc":{"start":{"line":278,"column":89},"end":{"line":301,"column":1}},"line":278}},"branchMap":{"0":{"loc":{"start":{"line":25,"column":2},"end":{"line":27,"column":3}},"type":"if","locations":[{"start":{"line":25,"column":2},"end":{"line":27,"column":3}},{"start":{},"end":{}}],"line":25},"1":{"loc":{"start":{"line":40,"column":27},"end":{"line":40,"column":59}},"type":"binary-expr","locations":[{"start":{"line":40,"column":27},"end":{"line":40,"column":29}},{"start":{"line":40,"column":33},"end":{"line":40,"column":59}}],"line":40},"2":{"loc":{"start":{"line":62,"column":69},"end":{"line":62,"column":97}},"type":"binary-expr","locations":[{"start":{"line":62,"column":69},"end":{"line":62,"column":81}},{"start":{"line":62,"column":85},"end":{"line":62,"column":97}}],"line":62},"3":{"loc":{"start":{"line":64,"column":2},"end":{"line":66,"column":3}},"type":"if","locations":[{"start":{"line":64,"column":2},"end":{"line":66,"column":3}},{"start":{},"end":{}}],"line":64},"4":{"loc":{"start":{"line":77,"column":18},"end":{"line":77,"column":96}},"type":"binary-expr","locations":[{"start":{"line":77,"column":18},"end":{"line":77,"column":76}},{"start":{"line":77,"column":80},"end":{"line":77,"column":96}}],"line":77},"5":{"loc":{"start":{"line":78,"column":11},"end":{"line":78,"column":55}},"type":"cond-expr","locations":[{"start":{"line":78,"column":19},"end":{"line":78,"column":48}},{"start":{"line":78,"column":51},"end":{"line":78,"column":55}}],"line":78},"6":{"loc":{"start":{"line":108,"column":6},"end":{"line":108,"column":23}},"type":"default-arg","locations":[{"start":{"line":108,"column":18},"end":{"line":108,"column":23}}],"line":108},"7":{"loc":{"start":{"line":109,"column":6},"end":{"line":109,"column":23}},"type":"default-arg","locations":[{"start":{"line":109,"column":18},"end":{"line":109,"column":23}}],"line":109},"8":{"loc":{"start":{"line":110,"column":6},"end":{"line":110,"column":27}},"type":"default-arg","locations":[{"start":{"line":110,"column":22},"end":{"line":110,"column":27}}],"line":110},"9":{"loc":{"start":{"line":124,"column":6},"end":{"line":126,"column":7}},"type":"if","locations":[{"start":{"line":124,"column":6},"end":{"line":126,"column":7}},{"start":{},"end":{}}],"line":124},"10":{"loc":{"start":{"line":124,"column":10},"end":{"line":124,"column":39}},"type":"binary-expr","locations":[{"start":{"line":124,"column":10},"end":{"line":124,"column":19}},{"start":{"line":124,"column":23},"end":{"line":124,"column":39}}],"line":124},"11":{"loc":{"start":{"line":129,"column":21},"end":{"line":129,"column":69}},"type":"binary-expr","locations":[{"start":{"line":129,"column":21},"end":{"line":129,"column":29}},{"start":{"line":129,"column":33},"end":{"line":129,"column":45}},{"start":{"line":129,"column":49},"end":{"line":129,"column":58}},{"start":{"line":129,"column":62},"end":{"line":129,"column":69}}],"line":129},"12":{"loc":{"start":{"line":132,"column":8},"end":{"line":134,"column":29}},"type":"cond-expr","locations":[{"start":{"line":133,"column":12},"end":{"line":133,"column":64}},{"start":{"line":134,"column":12},"end":{"line":134,"column":29}}],"line":132},"13":{"loc":{"start":{"line":132,"column":8},"end":{"line":132,"column":46}},"type":"binary-expr","locations":[{"start":{"line":132,"column":8},"end":{"line":132,"column":17}},{"start":{"line":132,"column":21},"end":{"line":132,"column":46}}],"line":132},"14":{"loc":{"start":{"line":133,"column":12},"end":{"line":133,"column":64}},"type":"binary-expr","locations":[{"start":{"line":133,"column":12},"end":{"line":133,"column":55}},{"start":{"line":133,"column":59},"end":{"line":133,"column":64}}],"line":133},"15":{"loc":{"start":{"line":136,"column":6},"end":{"line":138,"column":7}},"type":"if","locations":[{"start":{"line":136,"column":6},"end":{"line":138,"column":7}},{"start":{},"end":{}}],"line":136},"16":{"loc":{"start":{"line":140,"column":6},"end":{"line":142,"column":7}},"type":"if","locations":[{"start":{"line":140,"column":6},"end":{"line":142,"column":7}},{"start":{},"end":{}}],"line":140},"17":{"loc":{"start":{"line":147,"column":4},"end":{"line":149,"column":5}},"type":"if","locations":[{"start":{"line":147,"column":4},"end":{"line":149,"column":5}},{"start":{},"end":{}}],"line":147},"18":{"loc":{"start":{"line":147,"column":8},"end":{"line":147,"column":35}},"type":"binary-expr","locations":[{"start":{"line":147,"column":8},"end":{"line":147,"column":15}},{"start":{"line":147,"column":19},"end":{"line":147,"column":35}}],"line":147},"19":{"loc":{"start":{"line":151,"column":22},"end":{"line":151,"column":65}},"type":"binary-expr","locations":[{"start":{"line":151,"column":22},"end":{"line":151,"column":42}},{"start":{"line":151,"column":46},"end":{"line":151,"column":65}}],"line":151},"20":{"loc":{"start":{"line":161,"column":9},"end":{"line":161,"column":41}},"type":"cond-expr","locations":[{"start":{"line":161,"column":22},"end":{"line":161,"column":34}},{"start":{"line":161,"column":37},"end":{"line":161,"column":41}}],"line":161},"21":{"loc":{"start":{"line":164,"column":27},"end":{"line":164,"column":74}},"type":"binary-expr","locations":[{"start":{"line":164,"column":27},"end":{"line":164,"column":34}},{"start":{"line":164,"column":38},"end":{"line":164,"column":47}},{"start":{"line":164,"column":51},"end":{"line":164,"column":63}},{"start":{"line":164,"column":67},"end":{"line":164,"column":74}}],"line":164},"22":{"loc":{"start":{"line":166,"column":35},"end":{"line":166,"column":75}},"type":"binary-expr","locations":[{"start":{"line":166,"column":35},"end":{"line":166,"column":40}},{"start":{"line":166,"column":44},"end":{"line":166,"column":61}},{"start":{"line":166,"column":65},"end":{"line":166,"column":75}}],"line":166},"23":{"loc":{"start":{"line":173,"column":18},"end":{"line":173,"column":55}},"type":"binary-expr","locations":[{"start":{"line":173,"column":18},"end":{"line":173,"column":37}},{"start":{"line":173,"column":41},"end":{"line":173,"column":55}}],"line":173},"24":{"loc":{"start":{"line":176,"column":17},"end":{"line":217,"column":17}},"type":"cond-expr","locations":[{"start":{"line":177,"column":18},"end":{"line":177,"column":77}},{"start":{"line":179,"column":18},"end":{"line":216,"column":21}}],"line":176},"25":{"loc":{"start":{"line":176,"column":17},"end":{"line":176,"column":68}},"type":"binary-expr","locations":[{"start":{"line":176,"column":17},"end":{"line":176,"column":26}},{"start":{"line":176,"column":30},"end":{"line":176,"column":55}},{"start":{"line":176,"column":59},"end":{"line":176,"column":68}}],"line":176},"26":{"loc":{"start":{"line":180,"column":21},"end":{"line":199,"column":21}},"type":"cond-expr","locations":[{"start":{"line":181,"column":22},"end":{"line":181,"column":41}},{"start":{"line":183,"column":22},"end":{"line":198,"column":23}}],"line":180},"27":{"loc":{"start":{"line":183,"column":22},"end":{"line":198,"column":23}},"type":"binary-expr","locations":[{"start":{"line":183,"column":22},"end":{"line":183,"column":36}},{"start":{"line":184,"column":24},"end":{"line":197,"column":26}}],"line":183},"28":{"loc":{"start":{"line":189,"column":38},"end":{"line":189,"column":73}},"type":"binary-expr","locations":[{"start":{"line":189,"column":38},"end":{"line":189,"column":47}},{"start":{"line":189,"column":51},"end":{"line":189,"column":73}}],"line":189},"29":{"loc":{"start":{"line":203,"column":24},"end":{"line":203,"column":64}},"type":"cond-expr","locations":[{"start":{"line":203,"column":36},"end":{"line":203,"column":47}},{"start":{"line":203,"column":50},"end":{"line":203,"column":64}}],"line":203},"30":{"loc":{"start":{"line":207,"column":25},"end":{"line":207,"column":56}},"type":"cond-expr","locations":[{"start":{"line":207,"column":37},"end":{"line":207,"column":49}},{"start":{"line":207,"column":52},"end":{"line":207,"column":56}}],"line":207},"31":{"loc":{"start":{"line":208,"column":65},"end":{"line":208,"column":95}},"type":"binary-expr","locations":[{"start":{"line":208,"column":65},"end":{"line":208,"column":82}},{"start":{"line":208,"column":86},"end":{"line":208,"column":95}}],"line":208},"32":{"loc":{"start":{"line":210,"column":23},"end":{"line":214,"column":23}},"type":"binary-expr","locations":[{"start":{"line":210,"column":23},"end":{"line":210,"column":33}},{"start":{"line":211,"column":24},"end":{"line":213,"column":31}}],"line":210},"33":{"loc":{"start":{"line":237,"column":16},"end":{"line":237,"column":32}},"type":"default-arg","locations":[{"start":{"line":237,"column":27},"end":{"line":237,"column":32}}],"line":237},"34":{"loc":{"start":{"line":237,"column":43},"end":{"line":237,"column":67}},"type":"default-arg","locations":[{"start":{"line":237,"column":59},"end":{"line":237,"column":67}}],"line":237},"35":{"loc":{"start":{"line":240,"column":2},"end":{"line":242,"column":3}},"type":"if","locations":[{"start":{"line":240,"column":2},"end":{"line":242,"column":3}},{"start":{},"end":{}}],"line":240},"36":{"loc":{"start":{"line":247,"column":62},"end":{"line":247,"column":103}},"type":"cond-expr","locations":[{"start":{"line":247,"column":88},"end":{"line":247,"column":94}},{"start":{"line":247,"column":97},"end":{"line":247,"column":103}}],"line":247},"37":{"loc":{"start":{"line":250,"column":23},"end":{"line":250,"column":57}},"type":"binary-expr","locations":[{"start":{"line":250,"column":23},"end":{"line":250,"column":30}},{"start":{"line":250,"column":34},"end":{"line":250,"column":46}},{"start":{"line":250,"column":50},"end":{"line":250,"column":57}}],"line":250},"38":{"loc":{"start":{"line":258,"column":13},"end":{"line":267,"column":13}},"type":"cond-expr","locations":[{"start":{"line":259,"column":14},"end":{"line":259,"column":33}},{"start":{"line":261,"column":14},"end":{"line":266,"column":16}}],"line":258},"39":{"loc":{"start":{"line":258,"column":13},"end":{"line":258,"column":42}},"type":"binary-expr","locations":[{"start":{"line":258,"column":13},"end":{"line":258,"column":29}},{"start":{"line":258,"column":33},"end":{"line":258,"column":42}}],"line":258},"40":{"loc":{"start":{"line":279,"column":2},"end":{"line":281,"column":3}},"type":"if","locations":[{"start":{"line":279,"column":2},"end":{"line":281,"column":3}},{"start":{},"end":{}}],"line":279},"41":{"loc":{"start":{"line":279,"column":6},"end":{"line":279,"column":53}},"type":"binary-expr","locations":[{"start":{"line":279,"column":6},"end":{"line":279,"column":33}},{"start":{"line":279,"column":37},"end":{"line":279,"column":53}}],"line":279},"42":{"loc":{"start":{"line":284,"column":4},"end":{"line":286,"column":17}},"type":"cond-expr","locations":[{"start":{"line":285,"column":8},"end":{"line":285,"column":23}},{"start":{"line":286,"column":8},"end":{"line":286,"column":17}}],"line":284},"43":{"loc":{"start":{"line":284,"column":4},"end":{"line":284,"column":91}},"type":"binary-expr","locations":[{"start":{"line":284,"column":4},"end":{"line":284,"column":24}},{"start":{"line":284,"column":28},"end":{"line":284,"column":63}},{"start":{"line":284,"column":67},"end":{"line":284,"column":91}}],"line":284},"44":{"loc":{"start":{"line":290,"column":2},"end":{"line":298,"column":3}},"type":"if","locations":[{"start":{"line":290,"column":2},"end":{"line":298,"column":3}},{"start":{"line":292,"column":9},"end":{"line":298,"column":3}}],"line":290},"45":{"loc":{"start":{"line":290,"column":6},"end":{"line":290,"column":80}},"type":"binary-expr","locations":[{"start":{"line":290,"column":6},"end":{"line":290,"column":20}},{"start":{"line":290,"column":24},"end":{"line":290,"column":80}}],"line":290},"46":{"loc":{"start":{"line":292,"column":9},"end":{"line":298,"column":3}},"type":"if","locations":[{"start":{"line":292,"column":9},"end":{"line":298,"column":3}},{"start":{},"end":{}}],"line":292},"47":{"loc":{"start":{"line":293,"column":4},"end":{"line":295,"column":74}},"type":"binary-expr","locations":[{"start":{"line":293,"column":4},"end":{"line":293,"column":18}},{"start":{"line":294,"column":4},"end":{"line":294,"column":25}},{"start":{"line":295,"column":4},"end":{"line":295,"column":74}}],"line":293},"48":{"loc":{"start":{"line":300,"column":9},"end":{"line":300,"column":95}},"type":"cond-expr","locations":[{"start":{"line":300,"column":36},"end":{"line":300,"column":58}},{"start":{"line":300,"column":61},"end":{"line":300,"column":95}}],"line":300}},"s":{"0":0,"1":0,"2":0,"3":0,"4":0,"5":0,"6":0,"7":0,"8":0,"9":0,"10":0,"11":0,"12":0,"13":0,"14":0,"15":0,"16":0,"17":0,"18":0,"19":0,"20":0,"21":0,"22":0,"23":0,"24":0,"25":0,"26":0,"27":0,"28":0,"29":0,"30":0,"31":0,"32":0,"33":0,"34":0,"35":0,"36":0,"37":0,"38":0,"39":0,"40":0,"41":0,"42":0,"43":0,"44":0,"45":0,"46":0,"47":0,"48":0,"49":0,"50":0,"51":0,"52":0,"53":0,"54":0,"55":0,"56":0,"57":0,"58":0,"59":0,"60":0,"61":0,"62":0},"f":{"0":0,"1":0,"2":0,"3":0,"4":0,"5":0,"6":0,"7":0,"8":0,"9":0,"10":0,"11":0},"b":{"0":[0,0],"1":[0,0],"2":[0,0],"3":[0,0],"4":[0,0],"5":[0,0],"6":[0],"7":[0],"8":[0],"9":[0,0],"10":[0,0],"11":[0,0,0,0],"12":[0,0],"13":[0,0],"14":[0,0],"15":[0,0],"16":[0,0],"17":[0,0],"18":[0,0],"19":[0,0],"20":[0,0],"21":[0,0,0,0],"22":[0,0,0],"23":[0,0],"24":[0,0],"25":[0,0,0],"26":[0,0],"27":[0,0],"28":[0,0],"29":[0,0],"30":[0,0],"31":[0,0],"32":[0,0],"33":[0],"34":[0],"35":[0,0],"36":[0,0],"37":[0,0,0],"38":[0,0],"39":[0,0],"40":[0,0],"41":[0,0],"42":[0,0],"43":[0,0,0],"44":[0,0],"45":[0,0],"46":[0,0],"47":[0,0,0],"48":[0,0]}}
,"C:\\Assignment\\CICD\\Assignments\\An\\WebAppFitness\\MyfitnessMonitor\\src\\components\\ui\\checkbox.tsx": {"path":"C:\\Assignment\\CICD\\Assignments\\An\\WebAppFitness\\MyfitnessMonitor\\src\\components\\ui\\checkbox.tsx","statementMap":{"0":{"start":{"line":7,"column":17},"end":{"line":23,"column":2}},"1":{"start":{"line":11,"column":2},"end":{"line":22,"column":27}},"2":{"start":{"line":24,"column":0},"end":{"line":24,"column":58}}},"fnMap":{"0":{"name":"(anonymous_0)","decl":{"start":{"line":10,"column":2},"end":{"line":10,"column":3}},"loc":{"start":{"line":11,"column":2},"end":{"line":22,"column":27}},"line":11}},"branchMap":{},"s":{"0":0,"1":0,"2":0},"f":{"0":0},"b":{}}
,"C:\\Assignment\\CICD\\Assignments\\An\\WebAppFitness\\MyfitnessMonitor\\src\\components\\ui\\collapsible.tsx": {"path":"C:\\Assignment\\CICD\\Assignments\\An\\WebAppFitness\\MyfitnessMonitor\\src\\components\\ui\\collapsible.tsx","statementMap":{"0":{"start":{"line":3,"column":20},"end":{"line":3,"column":45}},"1":{"start":{"line":5,"column":27},"end":{"line":5,"column":66}},"2":{"start":{"line":7,"column":27},"end":{"line":7,"column":66}}},"fnMap":{},"branchMap":{},"s":{"0":0,"1":0,"2":0},"f":{},"b":{}}
,"C:\\Assignment\\CICD\\Assignments\\An\\WebAppFitness\\MyfitnessMonitor\\src\\components\\ui\\command.tsx": {"path":"C:\\Assignment\\CICD\\Assignments\\An\\WebAppFitness\\MyfitnessMonitor\\src\\components\\ui\\command.tsx","statementMap":{"0":{"start":{"line":9,"column":16},"end":{"line":21,"column":2}},"1":{"start":{"line":13,"column":2},"end":{"line":20,"column":4}},"2":{"start":{"line":22,"column":0},"end":{"line":22,"column":51}},"3":{"start":{"line":26,"column":22},"end":{"line":36,"column":1}},"4":{"start":{"line":27,"column":2},"end":{"line":35,"column":4}},"5":{"start":{"line":38,"column":21},"end":{"line":53,"column":2}},"6":{"start":{"line":42,"column":2},"end":{"line":52,"column":8}},"7":{"start":{"line":55,"column":0},"end":{"line":55,"column":62}},"8":{"start":{"line":57,"column":20},"end":{"line":66,"column":2}},"9":{"start":{"line":61,"column":2},"end":{"line":65,"column":4}},"10":{"start":{"line":68,"column":0},"end":{"line":68,"column":60}},"11":{"start":{"line":70,"column":21},"end":{"line":73,"column":103}},"12":{"start":{"line":73,"column":18},"end":{"line":73,"column":102}},"13":{"start":{"line":75,"column":0},"end":{"line":75,"column":62}},"14":{"start":{"line":77,"column":21},"end":{"line":89,"column":2}},"15":{"start":{"line":81,"column":2},"end":{"line":88,"column":4}},"16":{"start":{"line":91,"column":0},"end":{"line":91,"column":62}},"17":{"start":{"line":93,"column":25},"end":{"line":98,"column":2}},"18":{"start":{"line":97,"column":2},"end":{"line":97,"column":103}},"19":{"start":{"line":99,"column":0},"end":{"line":99,"column":70}},"20":{"start":{"line":101,"column":20},"end":{"line":113,"column":2}},"21":{"start":{"line":105,"column":2},"end":{"line":112,"column":4}},"22":{"start":{"line":115,"column":0},"end":{"line":115,"column":60}},"23":{"start":{"line":117,"column":24},"end":{"line":119,"column":1}},"24":{"start":{"line":118,"column":2},"end":{"line":118,"column":112}},"25":{"start":{"line":120,"column":0},"end":{"line":120,"column":48}}},"fnMap":{"0":{"name":"(anonymous_0)","decl":{"start":{"line":12,"column":2},"end":{"line":12,"column":3}},"loc":{"start":{"line":13,"column":2},"end":{"line":20,"column":4}},"line":13},"1":{"name":"(anonymous_1)","decl":{"start":{"line":26,"column":22},"end":{"line":26,"column":23}},"loc":{"start":{"line":26,"column":70},"end":{"line":36,"column":1}},"line":26},"2":{"name":"(anonymous_2)","decl":{"start":{"line":41,"column":2},"end":{"line":41,"column":3}},"loc":{"start":{"line":42,"column":2},"end":{"line":52,"column":8}},"line":42},"3":{"name":"(anonymous_3)","decl":{"start":{"line":60,"column":2},"end":{"line":60,"column":3}},"loc":{"start":{"line":61,"column":2},"end":{"line":65,"column":4}},"line":61},"4":{"name":"(anonymous_4)","decl":{"start":{"line":73,"column":2},"end":{"line":73,"column":3}},"loc":{"start":{"line":73,"column":18},"end":{"line":73,"column":102}},"line":73},"5":{"name":"(anonymous_5)","decl":{"start":{"line":80,"column":2},"end":{"line":80,"column":3}},"loc":{"start":{"line":81,"column":2},"end":{"line":88,"column":4}},"line":81},"6":{"name":"(anonymous_6)","decl":{"start":{"line":96,"column":2},"end":{"line":96,"column":3}},"loc":{"start":{"line":97,"column":2},"end":{"line":97,"column":103}},"line":97},"7":{"name":"(anonymous_7)","decl":{"start":{"line":104,"column":2},"end":{"line":104,"column":3}},"loc":{"start":{"line":105,"column":2},"end":{"line":112,"column":4}},"line":105},"8":{"name":"(anonymous_8)","decl":{"start":{"line":117,"column":24},"end":{"line":117,"column":25}},"loc":{"start":{"line":117,"column":92},"end":{"line":119,"column":1}},"line":117}},"branchMap":{},"s":{"0":0,"1":0,"2":0,"3":0,"4":0,"5":0,"6":0,"7":0,"8":0,"9":0,"10":0,"11":0,"12":0,"13":0,"14":0,"15":0,"16":0,"17":0,"18":0,"19":0,"20":0,"21":0,"22":0,"23":0,"24":0,"25":0},"f":{"0":0,"1":0,"2":0,"3":0,"4":0,"5":0,"6":0,"7":0,"8":0},"b":{}}
,"C:\\Assignment\\CICD\\Assignments\\An\\WebAppFitness\\MyfitnessMonitor\\src\\components\\ui\\context-menu.tsx": {"path":"C:\\Assignment\\CICD\\Assignments\\An\\WebAppFitness\\MyfitnessMonitor\\src\\components\\ui\\context-menu.tsx","statementMap":{"0":{"start":{"line":7,"column":20},"end":{"line":7,"column":45}},"1":{"start":{"line":9,"column":27},"end":{"line":9,"column":55}},"2":{"start":{"line":11,"column":25},"end":{"line":11,"column":51}},"3":{"start":{"line":13,"column":26},"end":{"line":13,"column":53}},"4":{"start":{"line":15,"column":23},"end":{"line":15,"column":47}},"5":{"start":{"line":17,"column":30},"end":{"line":17,"column":61}},"6":{"start":{"line":19,"column":30},"end":{"line":37,"column":2}},"7":{"start":{"line":25,"column":2},"end":{"line":36,"column":36}},"8":{"start":{"line":38,"column":0},"end":{"line":38,"column":80}},"9":{"start":{"line":40,"column":30},"end":{"line":52,"column":2}},"10":{"start":{"line":44,"column":2},"end":{"line":51,"column":4}},"11":{"start":{"line":53,"column":0},"end":{"line":53,"column":80}},"12":{"start":{"line":55,"column":27},"end":{"line":69,"column":2}},"13":{"start":{"line":59,"column":2},"end":{"line":68,"column":32}},"14":{"start":{"line":70,"column":0},"end":{"line":70,"column":74}},"15":{"start":{"line":72,"column":24},"end":{"line":87,"column":2}},"16":{"start":{"line":78,"column":2},"end":{"line":86,"column":4}},"17":{"start":{"line":88,"column":0},"end":{"line":88,"column":68}},"18":{"start":{"line":90,"column":32},"end":{"line":110,"column":2}},"19":{"start":{"line":94,"column":2},"end":{"line":109,"column":38}},"20":{"start":{"line":111,"column":0},"end":{"line":111,"column":84}},"21":{"start":{"line":113,"column":29},"end":{"line":132,"column":2}},"22":{"start":{"line":117,"column":2},"end":{"line":131,"column":35}},"23":{"start":{"line":133,"column":0},"end":{"line":133,"column":78}},"24":{"start":{"line":135,"column":25},"end":{"line":146,"column":2}},"25":{"start":{"line":141,"column":2},"end":{"line":145,"column":4}},"26":{"start":{"line":147,"column":0},"end":{"line":147,"column":70}},"27":{"start":{"line":149,"column":29},"end":{"line":154,"column":2}},"28":{"start":{"line":153,"column":2},"end":{"line":153,"column":112}},"29":{"start":{"line":155,"column":0},"end":{"line":155,"column":78}},"30":{"start":{"line":157,"column":28},"end":{"line":159,"column":1}},"31":{"start":{"line":158,"column":2},"end":{"line":158,"column":112}},"32":{"start":{"line":160,"column":0},"end":{"line":160,"column":56}}},"fnMap":{"0":{"name":"(anonymous_0)","decl":{"start":{"line":24,"column":2},"end":{"line":24,"column":3}},"loc":{"start":{"line":25,"column":2},"end":{"line":36,"column":36}},"line":25},"1":{"name":"(anonymous_1)","decl":{"start":{"line":43,"column":2},"end":{"line":43,"column":3}},"loc":{"start":{"line":44,"column":2},"end":{"line":51,"column":4}},"line":44},"2":{"name":"(anonymous_2)","decl":{"start":{"line":58,"column":2},"end":{"line":58,"column":3}},"loc":{"start":{"line":59,"column":2},"end":{"line":68,"column":32}},"line":59},"3":{"name":"(anonymous_3)","decl":{"start":{"line":77,"column":2},"end":{"line":77,"column":3}},"loc":{"start":{"line":78,"column":2},"end":{"line":86,"column":4}},"line":78},"4":{"name":"(anonymous_4)","decl":{"start":{"line":93,"column":2},"end":{"line":93,"column":3}},"loc":{"start":{"line":94,"column":2},"end":{"line":109,"column":38}},"line":94},"5":{"name":"(anonymous_5)","decl":{"start":{"line":116,"column":2},"end":{"line":116,"column":3}},"loc":{"start":{"line":117,"column":2},"end":{"line":131,"column":35}},"line":117},"6":{"name":"(anonymous_6)","decl":{"start":{"line":140,"column":2},"end":{"line":140,"column":3}},"loc":{"start":{"line":141,"column":2},"end":{"line":145,"column":4}},"line":141},"7":{"name":"(anonymous_7)","decl":{"start":{"line":152,"column":2},"end":{"line":152,"column":3}},"loc":{"start":{"line":153,"column":2},"end":{"line":153,"column":112}},"line":153},"8":{"name":"(anonymous_8)","decl":{"start":{"line":157,"column":28},"end":{"line":157,"column":29}},"loc":{"start":{"line":157,"column":96},"end":{"line":159,"column":1}},"line":157}},"branchMap":{"0":{"loc":{"start":{"line":29,"column":6},"end":{"line":29,"column":21}},"type":"binary-expr","locations":[{"start":{"line":29,"column":6},"end":{"line":29,"column":11}},{"start":{"line":29,"column":15},"end":{"line":29,"column":21}}],"line":29},"1":{"loc":{"start":{"line":82,"column":6},"end":{"line":82,"column":21}},"type":"binary-expr","locations":[{"start":{"line":82,"column":6},"end":{"line":82,"column":11}},{"start":{"line":82,"column":15},"end":{"line":82,"column":21}}],"line":82},"2":{"loc":{"start":{"line":143,"column":71},"end":{"line":143,"column":86}},"type":"binary-expr","locations":[{"start":{"line":143,"column":71},"end":{"line":143,"column":76}},{"start":{"line":143,"column":80},"end":{"line":143,"column":86}}],"line":143}},"s":{"0
[...]
,"C:\\Assignment\\CICD\\Assignments\\An\\WebAppFitness\\MyfitnessMonitor\\src\\components\\ui\\toggle.tsx": {"path":"C:\\Assignment\\CICD\\Assignments\\An\\WebAppFitness\\MyfitnessMonitor\\src\\components\\ui\\toggle.tsx","statementMap":{"0":{"start":{"line":7,"column":23},"end":{"line":26,"column":1}},"1":{"start":{"line":28,"column":15},"end":{"line":33,"column":2}},"2":{"start":{"line":32,"column":2},"end":{"line":32,"column":108}},"3":{"start":{"line":35,"column":0},"end":{"line":35,"column":54}}},"fnMap":{"0":{"name":"(anonymous_0)","decl":{"start":{"line":31,"column":2},"end":{"line":31,"column":3}},"loc":{"start":{"line":32,"column":2},"end":{"line":32,"column":108}},"line":32}},"branchMap":{},"s":{"0":0,"1":0,"2":0,"3":0},"f":{"0":0},"b":{}}
,"C:\\Assignment\\CICD\\Assignments\\An\\WebAppFitness\\MyfitnessMonitor\\src\\components\\ui\\tooltip.tsx": {"path":"C:\\Assignment\\CICD\\Assignments\\An\\WebAppFitness\\MyfitnessMonitor\\src\\components\\ui\\tooltip.tsx","statementMap":{"0":{"start":{"line":6,"column":24},"end":{"line":6,"column":49}},"1":{"start":{"line":8,"column":16},"end":{"line":8,"column":37}},"2":{"start":{"line":10,"column":23},"end":{"line":10,"column":47}},"3":{"start":{"line":12,"column":23},"end":{"line":25,"column":2}},"4":{"start":{"line":16,"column":2},"end":{"line":24,"column":4}},"5":{"start":{"line":26,"column":0},"end":{"line":26,"column":66}}},"fnMap":{"0":{"name":"(anonymous_0)","decl":{"start":{"line":15,"column":2},"end":{"line":15,"column":3}},"loc":{"start":{"line":16,"column":2},"end":{"line":24,"column":4}},"line":16}},"branchMap":{"0":{"loc":{"start":{"line":15,"column":16},"end":{"line":15,"column":30}},"type":"default-arg","locations":[{"start":{"line":15,"column":29},"end":{"line":15,"column":30}}],"line":15}},"s":{"0":0,"1":0,"2":0,"3":0,"4":0,"5":0},"f":{"0":0},"b":{"0":[0]}}
,"C:\\Assignment\\CICD\\Assignments\\An\\WebAppFitness\\MyfitnessMonitor\\src\\components\\ui\\use-toast.ts": {"path":"C:\\Assignment\\CICD\\Assignments\\An\\WebAppFitness\\MyfitnessMonitor\\src\\components\\ui\\use-toast.ts","statementMap":{},"fnMap":{},"branchMap":{},"s":{},"f":{},"b":{}}
,"C:\\Assignment\\CICD\\Assignments\\An\\WebAppFitness\\MyfitnessMonitor\\src\\contexts\\AuthContext.tsx": {"path":"C:\\Assignment\\CICD\\Assignments\\An\\WebAppFitness\\MyfitnessMonitor\\src\\contexts\\AuthContext.tsx","statementMap":{"0":{"start":{"line":11,"column":20},"end":{"line":11,"column":73}},"1":{"start":{"line":13,"column":69},"end":{"line":36,"column":1}},"2":{"start":{"line":14,"column":28},"end":{"line":14,"column":88}},"3":{"start":{"line":15,"column":34},"end":{"line":15,"column":91}},"4":{"start":{"line":17,"column":16},"end":{"line":22,"column":3}},"5":{"start":{"line":18,"column":4},"end":{"line":18,"column":26}},"6":{"start":{"line":19,"column":4},"end":{"line":19,"column":22}},"7":{"start":{"line":20,"column":4},"end":{"line":20,"column":53}},"8":{"start":{"line":21,"column":4},"end":{"line":21,"column":43}},"9":{"start":{"line":24,"column":17},"end":{"line":29,"column":3}},"10":{"start":{"line":25,"column":4},"end":{"line":25,"column":19}},"11":{"start":{"line":26,"column":4},"end":{"line":26,"column":22}},"12":{"start":{"line":27,"column":4},"end":{"line":27,"column":43}},"13":{"start":{"line":28,"column":4},"end":{"line":28,"column":40}},"14":{"start":{"line":31,"column":2},"end":{"line":35,"column":4}},"15":{"start":{"line":38,"column":23},"end":{"line":44,"column":1}},"16":{"start":{"line":39,"column":18},"end":{"line":39,"column":41}},"17":{"start":{"line":40,"column":2},"end":{"line":42,"column":3}},"18":{"start":{"line":41,"column":4},"end":{"line":41,"column":67}},"19":{"start":{"line":43,"column":2},"end":{"line":43,"column":17}}},"fnMap":{"0":{"name":"(anonymous_0)","decl":{"start":{"line":13,"column":69},"end":{"line":13,"column":70}},"loc":{"start":{"line":13,"column":87},"end":{"line":36,"column":1}},"line":13},"1":{"name":"(anonymous_1)","decl":{"start":{"line":17,"column":16},"end":{"line":17,"column":17}},"loc":{"start":{"line":17,"column":55},"end":{"line":22,"column":3}},"line":17},"2":{"name":"(anonymous_2)","decl":{"start":{"line":24,"column":17},"end":{"line":24,"column":18}},"loc":{"start":{"line":24,"column":23},"end":{"line":29,"column":3}},"line":24},"3":{"name":"(anonymous_3)","decl":{"start":{"line":38,"column":23},"end":{"line":38,"column":24}},"loc":{"start":{"line":38,"column":29},"end":{"line":44,"column":1}},"line":38}},"branchMap":{"0":{"loc":{"start":{"line":40,"column":2},"end":{"line":42,"column":3}},"type":"if","locations":[{"start":{"line":40,"column":2},"end":{"line":42,"column":3}},{"start":{},"end":{}}],"line":40}},"s":{"0":0,"1":0,"2":0,"3":0,"4":0,"5":0,"6":0,"7":0,"8":0,"9":0,"10":0,"11":0,"12":0,"13":0,"14":0,"15":0,"16":0,"17":0,"18":0,"19":0},"f":{"0":0,"1":0,"2":0,"3":0},"b":{"0":[0,0]}}
,"C:\\Assignment\\CICD\\Assignments\\An\\WebAppFitness\\MyfitnessMonitor\\src\\hooks\\use-mobile.tsx": {"path":"C:\\Assignment\\CICD\\Assignments\\An\\WebAppFitness\\MyfitnessMonitor\\src\\hooks\\use-mobile.tsx","statementMap":{"0":{"start":{"line":3,"column":26},"end":{"line":3,"column":29}},"1":{"start":{"line":6,"column":34},"end":{"line":6,"column":80}},"2":{"start":{"line":8,"column":2},"end":{"line":16,"column":9}},"3":{"start":{"line":9,"column":16},"end":{"line":9,"column":76}},"4":{"start":{"line":10,"column":21},"end":{"line":12,"column":5}},"5":{"start":{"line":11,"column":6},"end":{"line":11,"column":57}},"6":{"start":{"line":13,"column":4},"end":{"line":13,"column":45}},"7":{"start":{"line":14,"column":4},"end":{"line":14,"column":55}},"8":{"start":{"line":15,"column":4},"end":{"line":15,"column":61}},"9":{"start":{"line":15,"column":17},"end":{"line":15,"column":60}},"10":{"start":{"line":18,"column":2},"end":{"line":18,"column":20}}},"fnMap":{"0":{"name":"useIsMobile","decl":{"start":{"line":5,"column":16},"end":{"line":5,"column":27}},"loc":{"start":{"line":5,"column":30},"end":{"line":19,"column":1}},"line":5},"1":{"name":"(anonymous_1)","decl":{"start":{"line":8,"column":18},"end":{"line":8,"column":19}},"loc":{"start":{"line":8,"column":24},"end":{"line":16,"column":3}},"line":8},"2":{"name":"(anonymous_2)","decl":{"start":{"line":10,"column":21},"end":{"line":10,"column":22}},"loc":{"start":{"line":10,"column":27},"end":{"line":12,"column":5}},"line":10},"3":{"name":"(anonymous_3)","decl":{"start":{"line":15,"column":11},"end":{"line":15,"column":12}},"loc":{"start":{"line":15,"column":17},"end":{"line":15,"column":60}},"line":15}},"branchMap":{},"s":{"0":0,"1":0,"2":0,"3":0,"4":0,"5":0,"6":0,"7":0,"8":0,"9":0,"10":0},"f":{"0":0,"1":0,"2":0,"3":0},"b":{}}
,"C:\\Assignment\\CICD\\Assignments\\An\\WebAppFitness\\MyfitnessMonitor\\src\\hooks\\use-toast.ts": {"path":"C:\\Assignment\\CICD\\Assignments\\An\\WebAppFitness\\MyfitnessMonitor\\src\\hooks\\use-toast.ts","statementMap":{"0":{"start":{"line":5,"column":20},"end":{"line":5,"column":21}},"1":{"start":{"line":6,"column":27},"end":{"line":6,"column":34}},"2":{"start":{"line":15,"column":20},"end":{"line":20,"column":10}},"3":{"start":{"line":22,"column":12},"end":{"line":22,"column":13}},"4":{"start":{"line":25,"column":2},"end":{"line":25,"column":48}},"5":{"start":{"line":26,"column":2},"end":{"line":26,"column":26}},"6":{"start":{"line":53,"column":22},"end":{"line":53,"column":70}},"7":{"start":{"line":55,"column":25},"end":{"line":69,"column":1}},"8":{"start":{"line":56,"column":2},"end":{"line":58,"column":3}},"9":{"start":{"line":57,"column":4},"end":{"line":57,"column":11}},"10":{"start":{"line":60,"column":18},"end":{"line":66,"column":24}},"11":{"start":{"line":61,"column":4},"end":{"line":61,"column":34}},"12":{"start":{"line":62,"column":4},"end":{"line":65,"column":7}},"13":{"start":{"line":68,"column":2},"end":{"line":68,"column":38}},"14":{"start":{"line":71,"column":23},"end":{"line":122,"column":1}},"15":{"start":{"line":72,"column":2},"end":{"line":121,"column":3}},"16":{"start":{"line":74,"column":6},"end":{"line":77,"column":8}},"17":{"start":{"line":80,"column":6},"end":{"line":83,"column":8}},"18":{"start":{"line":82,"column":41},"end":{"line":82,"column":97}},"19":{"start":{"line":86,"column":26},"end":{"line":86,"column":32}},"20":{"start":{"line":90,"column":6},"end":{"line":96,"column":7}},"21":{"start":{"line":91,"column":8},"end":{"line":91,"column":34}},"22":{"start":{"line":93,"column":8},"end":{"line":95,"column":11}},"23":{"start":{"line":94,"column":10},"end":{"line":94,"column":37}},"24":{"start":{"line":98,"column":6},"end":{"line":108,"column":8}},"25":{"start":{"line":101,"column":10},"end":{"line":106,"column":15}},"26":{"start":{"line":111,"column":6},"end":{"line":116,"column":7}},"27":{"start":{"line":112,"column":8},"end":{"line":115,"column":10}},"28":{"start":{"line":117,"column":6},"end":{"line":120,"column":8}},"29":{"start":{"line":119,"column":43},"end":{"line":119,"column":66}},"30":{"start":{"line":124,"column":49},"end":{"line":124,"column":51}},"31":{"start":{"line":126,"column":25},"end":{"line":126,"column":39}},"32":{"start":{"line":129,"column":2},"end":{"line":129,"column":45}},"33":{"start":{"line":130,"column":2},"end":{"line":132,"column":5}},"34":{"start":{"line":131,"column":4},"end":{"line":131,"column":26}},"35":{"start":{"line":138,"column":13},"end":{"line":138,"column":20}},"36":{"start":{"line":140,"column":17},"end":{"line":144,"column":6}},"37":{"start":{"line":141,"column":4},"end":{"line":144,"column":6}},"38":{"start":{"line":145,"column":18},"end":{"line":145,"column":72}},"39":{"start":{"line":145,"column":24},"end":{"line":145,"column":72}},"40":{"start":{"line":147,"column":2},"end":{"line":157,"column":5}},"41":{"start":{"line":154,"column":8},"end":{"line":154,"column":29}},"42":{"start":{"line":154,"column":19},"end":{"line":154,"column":29}},"43":{"start":{"line":159,"column":2},"end":{"line":163,"column":4}},"44":{"start":{"line":167,"column":28},"end":{"line":167,"column":62}},"45":{"start":{"line":169,"column":2},"end":{"line":177,"column":14}},"46":{"start":{"line":170,"column":4},"end":{"line":170,"column":29}},"47":{"start":{"line":171,"column":4},"end":{"line":176,"column":6}},"48":{"start":{"line":172,"column":20},"end":{"line":172,"column":47}},"49":{"start":{"line":173,"column":6},"end":{"line":175,"column":7}},"50":{"start":{"line":174,"column":8},"end":{"line":174,"column":35}},"51":{"start":{"line":179,"column":2},"end":{"line":183,"column":4}},"52":{"start":{"line":182,"column":35},"end":{"line":182,"column":79}}},"fnMap":{"0":{"name":"genId","decl":{"start":{"line":24,"column":9},"end":{"line":24,"column":14}},"loc":{"start":{"line":24,"column":17},"end":{"line":27,"column":1}},"line":24},"1":{"name":"(anonymous_1)","decl":{"start":{"line":55,"column":25},"end":{"line":55,"column":26}},"loc":{"start":{"line":55,"column":46},"end":{"line":69,"column":1}},"line":55},"2":{"name":"(anonymous_2)","decl":{"start":{"line":60,"column":29},"end":{"line":60,"column":30}},"loc":{"start":{"line":60,"column":35},"end":{"line":66,"column":3}},"line":60},"3":{"name":"(anonymous_3)","decl":{"start":{"line":71,"column":23},"end":{"line":71,"column":24}},"loc":{"start":{"line":71,"column":64},"end":{"line":122,"column":1}},"line":71},"4":{"name":"(anonymous_4)","decl":{"start":{"line":82,"column":33},"end":{"line":82,"column":34}},"loc":{"start":{"line":82,"column":41},"end":{"line":82,"column":97}},"line":82},"5":{"name":"(anonymous_5)","decl":{"start":{"line":93,"column":29},"end":{"line":93,"column":30}},"loc":{"start":{"line":93,"column":40},"end":{"line":95,"column":9}},"line":93},"6":{"name":"(anonymous_6)","decl":{"start":{"line":100,"column":33},"end":{"line":100,"column":34}},"loc":{"start":{"line":101,"column":10},"end":{"line":106,"column":15}},"line":101},"7":{"name":"(anonymous_7)","decl":{"start":{"line":119,"column":36},"end":{"line":119,"column":37}},"loc":{"start":{"line":119,"column":43},"end":{"line":119,"column":66}},"line":119},"8":{"name":"dispatch","decl":{"start":{"line":128,"column":9},"end":{"line":128,"column":17}},"loc":{"start":{"line":128,"column":34},"end":{"line":133,"column":1}},"line":128},"9":{"name":"(anonymous_9)","decl":{"start":{"line":130,"column":20},"end":{"line":130,"column":21}},"loc":{"start":{"line":130,"column":34},"end":{"line":132,"column":3}},"line":130},"10":{"name":"toast","decl":{"start":{"line":137,"column":9},"end":{"line":137,"column":14}},"loc":{"start":{"line":137,"column":36},"end":{"line":164,"column":1}},"line":137},"11":{"name":"(anonymous_11)","decl":{"start":{"line":140,"column":17},"end":{"line":140,"column":18}},"loc":{"start":{"line":141,"column":4},"end":{"line":144,"column":6}},"line":141},"12":{"name":"(anonymous_12)","decl":{"start":{"line":145,"column":18},"end":{"line":145,"column":19}},"loc":{"start":{"line":145,"column":24},"end":{"line":145,"column":72}},"line":145},"13":{"name":"(anonymous_13)","decl":{"start":{"line":153,"column":20},"end":{"line":153,"column":21}},"loc":{"start":{"line":153,"column":30},"end":{"line":155,"column":7}},"line":153},"14":{"name":"useToast","decl":{"start":{"line":166,"column":9},"end":{"line":166,"column":17}},"loc":{"start":{"line":166,"column":20},"end":{"line":184,"column":1}},"line":166},"15":{"name":"(anonymous_15)","decl":{"start":{"line":169,"column":18},"end":{"line":169,"column":19}},"loc":{"start":{"line":169,"column":24},"end":{"line":177,"column":3}},"line":169},"16":{"name":"(anonymous_16)","decl":{"start":{"line":171,"column":11},"end":{"line":171,"column":12}},"loc":{"start":{"line":171,"column":17},"end":{"line":176,"column":5}},"line":171},"17":{"name":"(anonymous_17)","decl":{"start":{"line":182,"column":13},"end":{"line":182,"column":14}},"loc":{"start":{"line":182,"column":35},"end":{"line":182,"column":79}},"line":182}},"branchMap":{"0":{"loc":{"start":{"line":56,"column":2},"end":{"line":58,"column":3}},"type":"if","locations":[{"start":{"line":56,"column":2},"end":{"line":58,"column":3}},{"start":{},"end":{}}],"line":56},"1":{"loc":{"start":{"line":72,"column":2},"end":{"line":121,"column":3}},"type":"switch","locations":[{"start":{"line":73,"column":4},"end":{"line":77,"column":8}},{"start":{"line":79,"column":4},"end":{"line":83,"column":8}},{"start":{"line":85,"column":4},"end":{"line":109,"column":5}},{"start":{"line":110,"column":4},"end":{"line":120,"column":8}}],"line":72},"2":{"loc":{"start":{"line":82,"column":41},"end":{"line":82,"column":97}},"type":"cond-expr","locations":[{"start":{"line":82,"column":68},"end":{"line":82,"column":93}},{"start":{"line":82,"column":96},"end":{"line":82,"column":97}}],"line":82},"3":{"loc":{"start":{"line":90,"column":6},"end":{"line":96,"column":7}},"type":"if","locations":[{"start":{"line":90,"column":6},"end":{"line":96,"column":7}},{"start":{"line":92,"column":13},"end":{"line":96,"column":7}}],"line":90},"4":{"loc":{"start":{"line":101,"column":10},"end":{"line":106,"column":15}},"type":"cond-expr","locations":[{"start":{"line":102,"column":14},"end":{"line":105,"column":15}},{"start":{"line":106,"column":14},"end":{"line":106,"column":15}}],"line":101},"5":{"loc":{"start":{"line":101,"column":10},"end":{"line":101,"column":51}},"type":"binary-expr","locations":[{"start":{"line":101,"column":10},"end":{"line":101,"column":26}},{"start":{"line":101,"column":30},"end":{"line":101,"column":51}}],"line":101},"6":{"loc":{"start":{"line":111,"column":6},"end":{"line":116,"column":7}},"type":"if","locations":[{"start":{"line":111,"column":6},"end":{"line":116,"column":7}},{"start":{},"end":{}}],"line":111},"7":{"loc":{"start":{"line":154,"column":8},"end":{"line":154,"column":29}},"type":"if","locations":[{"start":{"line":154,"column":8},"end":{"line":154,"column":29}},{"start":{},"end":{}}],"line":154},"8":{"loc":{"start":{"line":173,"column":6},"end":{"line":175,"column":7}},"type":"if","locations":[{"start":{"line":173,"column":6},"end":{"line":175,"column":7}},{"start":{},"end":{}}],"line":173}},"s":{"0":0,"1":0,"2":0,"3":0,"4":0,"5":0,"6":0,"7":0,"8":0,"9":0,"10":0,"11":0,"12":0,"13":0,"14":0,"15":0,"16":0,"17":0,"18":0,"19":0,"20":0,"21":0,"22":0,"23":0,"24":0,"25":0,"26":0,"27":0,"28":0,"29":0,"30":0,"31":0,"32":0,"33":0,"34":0,"35":0,"36":0,"37":0,"38":0,"39":0,"40":0,"41":0,"42":0,"43":0,"44":0,"45":0,"46":0,"47":0,"48":0,"49":0,"50":0,"51":0,"52":0},"f":{"0":0,"1":0,"2":0,"3":0,"4":0,"5":0,"6":0,"7":0,"8":0,"9":0,"10":0,"11":0,"12":0,"13":0,"14":0,"15":0,"16":0,"17":0},"b":{"0":[0,0],"1":[0,0,0,0],"2":[0,0],"3":[0,0],"4":[0,0],"5":[0,0],"6":[0,0],"7":[0,0],"8":[0,0]}}
,"C:\\Assignment\\CICD\\Assignments\\An\\WebAppFitness\\MyfitnessMonitor\\src\\lib\\utils.ts": {"path":"C:\\Assignment\\CICD\\Assignments\\An\\WebAppFitness\\MyfitnessMonitor\\src\\lib\\utils.ts","statementMap":{"0":{"start":{"line":5,"column":2},"end":{"line":5,"column":31}}},"fnMap":{"0":{"name":"cn","decl":{"start":{"line":4,"column":16},"end":{"line":4,"column":18}},"loc":{"start":{"line":4,"column":44},"end":{"line":6,"column":1}},"line":4}},"branchMap":{},"s":{"0":0},"f":{"0":0},"b":{}}
,"C:\\Assignment\\CICD\\Assignments\\An\\WebAppFitness\\MyfitnessMonitor\\src\\pages\\Index.tsx": {"path":"C:\\Assignment\\CICD\\Assignments\\An\\WebAppFitness\\MyfitnessMonitor\\src\\pages\\Index.tsx","statementMap":{"0":{"start":{"line":5,"column":14},"end":{"line":87,"column":1}},"1":{"start":{"line":6,"column":2},"end":{"line":86,"column":4}}},"fnMap":{"0":{"name":"(anonymous_0)","decl":{"start":{"line":5,"column":14},"end":{"line":5,"column":15}},"loc":{"start":{"line":5,"column":20},"end":{"line":87,"column":1}},"line":5}},"branchMap":{},"s":{"0":0,"1":0},"f":{"0":0},"b":{}}
,"C:\\Assignment\\CICD\\Assignments\\An\\WebAppFitness\\MyfitnessMonitor\\src\\pages\\NotFound.tsx": {"path":"C:\\Assignment\\CICD\\Assignments\\An\\WebAppFitness\\MyfitnessMonitor\\src\\pages\\NotFound.tsx","statementMap":{"0":{"start":{"line":4,"column":17},"end":{"line":22,"column":1}},"1":{"start":{"line":5,"column":19},"end":{"line":5,"column":32}},"2":{"start":{"line":7,"column":2},"end":{"line":9,"column":26}},"3":{"start":{"line":8,"column":4},"end":{"line":8,"column":96}},"4":{"start":{"line":11,"column":2},"end":{"line":21,"column":4}}},"fnMap":{"0":{"name":"(anonymous_0)","decl":{"start":{"line":4,"column":17},"end":{"line":4,"column":18}},"loc":{"start":{"line":4,"column":23},"end":{"line":22,"column":1}},"line":4},"1":{"name":"(anonymous_1)","decl":{"start":{"line":7,"column":12},"end":{"line":7,"column":13}},"loc":{"start":{"line":7,"column":18},"end":{"line":9,"column":3}},"line":7}},"branchMap":{},"s":{"0":0,"1":0,"2":0,"3":0,"4":0},"f":{"0":0,"1":0},"b":{}}
}
